This file contains any messages produced by compilers while
running configure, to aid debugging if configure makes a mistake.

It was created by sqlcipher configure 3.31.0, which was
generated by GNU Autoconf 2.69.  Invocation command line was

  $ ../configure CC=/home/dev/nitrogen6x/host/usr/bin/arm-linux-gnueabihf-gcc --host=arm --enable-shared=yes --enable-tempstore=yes CFLAGS=-DSQLITE_HAS_CODEC

## --------- ##
## Platform. ##
## --------- ##

hostname = a100build-VM
uname -m = x86_64
uname -r = 4.11.0-14-generic
uname -s = Linux
uname -v = #20~16.04.1-Ubuntu SMP Wed Aug 9 09:06:22 UTC 2017

/usr/bin/uname -p = unknown
/bin/uname -X     = unknown

/bin/arch              = unknown
/usr/bin/arch -k       = unknown
/usr/convex/getsysinfo = unknown
/usr/bin/hostinfo      = unknown
/bin/machine           = unknown
/usr/bin/oslevel       = unknown
/bin/universe          = unknown

PATH: /home/dev/nitrogen7x/host/opt/ext-toolchain/bin
PATH: /usr/local/sbin
PATH: /usr/local/bin
PATH: /usr/sbin
PATH: /usr/bin
PATH: /sbin
PATH: /bin
PATH: /usr/games
PATH: /usr/local/games
PATH: /snap/bin
PATH: /usr/lib/jvm/java-8-oracle/bin
PATH: /usr/lib/jvm/java-8-oracle/db/bin
PATH: /usr/lib/jvm/java-8-oracle/jre/bin


## ----------- ##
## Core tests. ##
## ----------- ##

configure:2380: checking build system type
configure:2394: result: x86_64-pc-linux-gnu
configure:2414: checking host system type
configure:2427: result: arm-unknown-none
configure:2468: checking how to print strings
configure:2495: result: printf
configure:2524: checking for arm-gcc
configure:2551: result: /home/dev/nitrogen6x/host/usr/bin/arm-linux-gnueabihf-gcc
configure:2820: checking for C compiler version
configure:2829: /home/dev/nitrogen6x/host/usr/bin/arm-linux-gnueabihf-gcc --version >&5
arm-linux-gnueabihf-gcc (Linaro GCC 6.4-2017.08) 6.4.1 20170707
Copyright (C) 2017 Free Software Foundation, Inc.
This is free software; see the source for copying conditions.  There is NO
warranty; not even for MERCHANTABILITY or FITNESS FOR A PARTICULAR PURPOSE.

configure:2840: $? = 0
configure:2829: /home/dev/nitrogen6x/host/usr/bin/arm-linux-gnueabihf-gcc -v >&5
Using built-in specs.
COLLECT_GCC=/home/dev/nitrogen6x/host/opt/ext-toolchain/bin/arm-linux-gnueabihf-gcc
COLLECT_LTO_WRAPPER=/home/dev/nitrogen6x/host/opt/ext-toolchain/bin/../libexec/gcc/arm-linux-gnueabihf/6.4.1/lto-wrapper
Target: arm-linux-gnueabihf
Configured with: '/home/tcwg-buildslave/workspace/tcwg-make-release/builder_arch/amd64/label/tcwg-x86_64-build/target/arm-linux-gnueabihf/snapshots/gcc.git~linaro-6.4-2017.08/configure' SHELL=/bin/bash --with-mpc=/home/tcwg-buildslave/workspace/tcwg-make-release/builder_arch/amd64/label/tcwg-x86_64-build/target/arm-linux-gnueabihf/_build/builds/destdir/x86_64-unknown-linux-gnu --with-mpfr=/home/tcwg-buildslave/workspace/tcwg-make-release/builder_arch/amd64/label/tcwg-x86_64-build/target/arm-linux-gnueabihf/_build/builds/destdir/x86_64-unknown-linux-gnu --with-gmp=/home/tcwg-buildslave/workspace/tcwg-make-release/builder_arch/amd64/label/tcwg-x86_64-build/target/arm-linux-gnueabihf/_build/builds/destdir/x86_64-unknown-linux-gnu --with-gnu-as --with-gnu-ld --disable-libmudflap --enable-lto --enable-shared --without-included-gettext --enable-nls --disable-sjlj-exceptions --enable-gnu-unique-object --enable-linker-build-id --disable-libstdcxx-pch --enable-c99 --enable-clocale=gnu --enable-libstdcxx-debug --enable-long-long --with-cloog=no --with-ppl=no --with-isl=no --disable-multilib --with-float=hard --with-fpu=vfpv3-d16 --with-mode=thumb --with-tune=cortex-a9 --with-arch=armv7-a --enable-threads=posix --enable-multiarch --enable-libstdcxx-time=yes --enable-gnu-indirect-function --with-build-sysroot=/home/tcwg-buildslave/workspace/tcwg-make-release/builder_arch/amd64/label/tcwg-x86_64-build/target/arm-linux-gnueabihf/_build/sysroots/arm-linux-gnueabihf --with-sysroot=/home/tcwg-buildslave/workspace/tcwg-make-release/builder_arch/amd64/label/tcwg-x86_64-build/target/arm-linux-gnueabihf/_build/builds/destdir/x86_64-unknown-linux-gnu/arm-linux-gnueabihf/libc --enable-checking=release --disable-bootstrap --enable-languages=c,c++,fortran,lto --build=x86_64-unknown-linux-gnu --host=x86_64-unknown-linux-gnu --target=arm-linux-gnueabihf --prefix=/home/tcwg-buildslave/workspace/tcwg-make-release/builder_arch/amd64/label/tcwg-x86_64-build/target/arm-linux-gnueabihf/_build/builds/destdir/x86_64-unknown-linux-gnu
Thread model: posix
gcc version 6.4.1 20170707 (Linaro GCC 6.4-2017.08) 
configure:2840: $? = 0
configure:2829: /home/dev/nitrogen6x/host/usr/bin/arm-linux-gnueabihf-gcc -V >&5
arm-linux-gnueabihf-gcc: error: unrecognized command line option '-V'
arm-linux-gnueabihf-gcc: fatal error: no input files
compilation terminated.
configure:2840: $? = 1
configure:2829: /home/dev/nitrogen6x/host/usr/bin/arm-linux-gnueabihf-gcc -qversion >&5
arm-linux-gnueabihf-gcc: error: unrecognized command line option '-qversion'; did you mean '--version'?
arm-linux-gnueabihf-gcc: fatal error: no input files
compilation terminated.
configure:2840: $? = 1
configure:2860: checking whether the C compiler works
configure:2882: /home/dev/nitrogen6x/host/usr/bin/arm-linux-gnueabihf-gcc -DSQLITE_HAS_CODEC   conftest.c  >&5
configure:2886: $? = 0
configure:2934: result: yes
configure:2937: checking for C compiler default output file name
configure:2939: result: a.out
configure:2945: checking for suffix of executables
configure:2952: /home/dev/nitrogen6x/host/usr/bin/arm-linux-gnueabihf-gcc -o conftest -DSQLITE_HAS_CODEC   conftest.c  >&5
configure:2956: $? = 0
configure:2978: result: 
configure:3000: checking whether we are cross compiling
configure:3008: /home/dev/nitrogen6x/host/usr/bin/arm-linux-gnueabihf-gcc -o conftest -DSQLITE_HAS_CODEC   conftest.c  >&5
configure:3012: $? = 0
configure:3019: ./conftest
../configure: line 3021: ./conftest: cannot execute binary file: Exec format error
configure:3023: $? = 126
configure:3038: result: yes
configure:3043: checking for suffix of object files
configure:3065: /home/dev/nitrogen6x/host/usr/bin/arm-linux-gnueabihf-gcc -c -DSQLITE_HAS_CODEC  conftest.c >&5
configure:3069: $? = 0
configure:3090: result: o
configure:3094: checking whether we are using the GNU C compiler
configure:3113: /home/dev/nitrogen6x/host/usr/bin/arm-linux-gnueabihf-gcc -c -DSQLITE_HAS_CODEC  conftest.c >&5
configure:3113: $? = 0
configure:3122: result: yes
configure:3131: checking whether /home/dev/nitrogen6x/host/usr/bin/arm-linux-gnueabihf-gcc accepts -g
configure:3151: /home/dev/nitrogen6x/host/usr/bin/arm-linux-gnueabihf-gcc -c -g  conftest.c >&5
configure:3151: $? = 0
configure:3192: result: yes
configure:3209: checking for /home/dev/nitrogen6x/host/usr/bin/arm-linux-gnueabihf-gcc option to accept ISO C89
configure:3272: /home/dev/nitrogen6x/host/usr/bin/arm-linux-gnueabihf-gcc  -c -DSQLITE_HAS_CODEC  conftest.c >&5
configure:3272: $? = 0
configure:3285: result: none needed
configure:3305: checking for a sed that does not truncate output
configure:3369: result: /bin/sed
configure:3387: checking for grep that handles long lines and -e
configure:3445: result: /bin/grep
configure:3450: checking for egrep
configure:3512: result: /bin/grep -E
configure:3517: checking for fgrep
configure:3579: result: /bin/grep -F
configure:3614: checking for ld used by /home/dev/nitrogen6x/host/usr/bin/arm-linux-gnueabihf-gcc
configure:3681: result: /home/dev/nitrogen6x/host/opt/ext-toolchain/arm-linux-gnueabihf/bin/ld
configure:3688: checking if the linker (/home/dev/nitrogen6x/host/opt/ext-toolchain/arm-linux-gnueabihf/bin/ld) is GNU ld
configure:3703: result: yes
configure:3715: checking for BSD- or MS-compatible name lister (nm)
configure:3769: result: no
configure:3783: checking for arm-dumpbin
configure:3813: result: no
configure:3783: checking for arm-link
configure:3813: result: no
configure:3827: checking for dumpbin
configure:3857: result: no
configure:3827: checking for link
configure:3843: found /usr/bin/link
configure:3854: result: link -dump
configure:3870: WARNING: using cross tools not prefixed with host triplet
configure:3899: checking the name lister (nm) interface
configure:3906: /home/dev/nitrogen6x/host/usr/bin/arm-linux-gnueabihf-gcc -c -DSQLITE_HAS_CODEC  conftest.c >&5
configure:3909: nm "conftest.o"
configure:3912: output
00000000 b $d
00000000 B some_variable
configure:3919: result: BSD nm
configure:3922: checking whether ln -s works
configure:3926: result: yes
configure:3934: checking the maximum length of command line arguments
configure:4065: result: 1572864
configure:4113: checking how to convert x86_64-pc-linux-gnu file names to arm-unknown-none format
configure:4153: result: func_convert_file_noop
configure:4160: checking how to convert x86_64-pc-linux-gnu file names to toolchain format
configure:4180: result: func_convert_file_noop
configure:4187: checking for /home/dev/nitrogen6x/host/opt/ext-toolchain/arm-linux-gnueabihf/bin/ld option to reload object files
configure:4194: result: -r
configure:4228: checking for arm-objdump
configure:4258: result: no
configure:4268: checking for objdump
configure:4284: found /usr/bin/objdump
configure:4295: result: objdump
configure:4327: checking how to recognize dependent libraries
configure:4527: result: unknown
configure:4572: checking for arm-dlltool
configure:4602: result: no
configure:4612: checking for dlltool
configure:4642: result: no
configure:4672: checking how to associate runtime and link libraries
configure:4699: result: printf %s\n
configure:4716: checking for arm-ar
configure:4746: result: no
configure:4760: checking for ar
configure:4776: found /usr/bin/ar
configure:4787: result: ar
configure:4824: checking for archiver @FILE support
configure:4841: /home/dev/nitrogen6x/host/usr/bin/arm-linux-gnueabihf-gcc -c -DSQLITE_HAS_CODEC  conftest.c >&5
configure:4841: $? = 0
configure:4844: ar cru libconftest.a @conftest.lst >&5
ar: `u' modifier ignored since `D' is the default (see `U')
configure:4847: $? = 0
configure:4852: ar cru libconftest.a @conftest.lst >&5
ar: `u' modifier ignored since `D' is the default (see `U')
ar: conftest.o: No such file or directory
configure:4855: $? = 1
configure:4867: result: @
configure:4885: checking for arm-strip
configure:4915: result: no
configure:4925: checking for strip
configure:4941: found /usr/bin/strip
configure:4952: result: strip
configure:4984: checking for arm-ranlib
configure:5014: result: no
configure:5024: checking for ranlib
configure:5040: found /usr/bin/ranlib
configure:5051: result: ranlib
configure:5128: checking for gawk
configure:5158: result: no
configure:5128: checking for mawk
configure:5144: found /usr/bin/mawk
configure:5155: result: mawk
configure:5195: checking command to parse nm output from /home/dev/nitrogen6x/host/usr/bin/arm-linux-gnueabihf-gcc object
configure:5348: /home/dev/nitrogen6x/host/usr/bin/arm-linux-gnueabihf-gcc -c -DSQLITE_HAS_CODEC  conftest.c >&5
configure:5351: $? = 0
configure:5355: nm conftest.o \| sed -n -e 's/^.*[ ]\([ABCDGIRSTW][ABCDGIRSTW]*\)[ ][ ]*\([_A-Za-z][_A-Za-z0-9]*\)$/\1 \2 \2/p' | sed '/ __gnu_lto/d' \> conftest.nm
configure:5358: $? = 0
configure:5424: /home/dev/nitrogen6x/host/usr/bin/arm-linux-gnueabihf-gcc -o conftest -DSQLITE_HAS_CODEC   conftest.c conftstm.o >&5
configure:5427: $? = 0
configure:5465: result: ok
configure:5512: checking for sysroot
configure:5542: result: no
configure:5549: checking for a working dd
configure:5587: result: /bin/dd
configure:5591: checking how to truncate binary pipes
configure:5606: result: /bin/dd bs=4096 count=1
configure:5895: checking for arm-mt
configure:5925: result: no
configure:5935: checking for mt
configure:5951: found /bin/mt
configure:5962: result: mt
configure:5985: checking if mt is a manifest tool
configure:5991: mt '-?'
configure:5999: result: no
configure:6676: checking how to run the C preprocessor
configure:6707: /home/dev/nitrogen6x/host/usr/bin/arm-linux-gnueabihf-gcc -E  conftest.c
configure:6707: $? = 0
configure:6721: /home/dev/nitrogen6x/host/usr/bin/arm-linux-gnueabihf-gcc -E  conftest.c
conftest.c:9:28: fatal error: ac_nonexistent.h: No such file or directory
 #include <ac_nonexistent.h>
                            ^
compilation terminated.
configure:6721: $? = 1
configure: failed program was:
| /* confdefs.h */
| #define PACKAGE_NAME "sqlcipher"
| #define PACKAGE_TARNAME "sqlcipher"
| #define PACKAGE_VERSION "3.31.0"
| #define PACKAGE_STRING "sqlcipher 3.31.0"
| #define PACKAGE_BUGREPORT ""
| #define PACKAGE_URL ""
| /* end confdefs.h.  */
| #include <ac_nonexistent.h>
configure:6746: result: /home/dev/nitrogen6x/host/usr/bin/arm-linux-gnueabihf-gcc -E
configure:6766: /home/dev/nitrogen6x/host/usr/bin/arm-linux-gnueabihf-gcc -E  conftest.c
configure:6766: $? = 0
configure:6780: /home/dev/nitrogen6x/host/usr/bin/arm-linux-gnueabihf-gcc -E  conftest.c
conftest.c:9:28: fatal error: ac_nonexistent.h: No such file or directory
 #include <ac_nonexistent.h>
                            ^
compilation terminated.
configure:6780: $? = 1
configure: failed program was:
| /* confdefs.h */
| #define PACKAGE_NAME "sqlcipher"
| #define PACKAGE_TARNAME "sqlcipher"
| #define PACKAGE_VERSION "3.31.0"
| #define PACKAGE_STRING "sqlcipher 3.31.0"
| #define PACKAGE_BUGREPORT ""
| #define PACKAGE_URL ""
| /* end confdefs.h.  */
| #include <ac_nonexistent.h>
configure:6809: checking for ANSI C header files
configure:6829: /home/dev/nitrogen6x/host/usr/bin/arm-linux-gnueabihf-gcc -c -DSQLITE_HAS_CODEC  conftest.c >&5
configure:6829: $? = 0
configure:6913: result: yes
configure:6926: checking for sys/types.h
configure:6926: /home/dev/nitrogen6x/host/usr/bin/arm-linux-gnueabihf-gcc -c -DSQLITE_HAS_CODEC  conftest.c >&5
configure:6926: $? = 0
configure:6926: result: yes
configure:6926: checking for sys/stat.h
configure:6926: /home/dev/nitrogen6x/host/usr/bin/arm-linux-gnueabihf-gcc -c -DSQLITE_HAS_CODEC  conftest.c >&5
configure:6926: $? = 0
configure:6926: result: yes
configure:6926: checking for stdlib.h
configure:6926: /home/dev/nitrogen6x/host/usr/bin/arm-linux-gnueabihf-gcc -c -DSQLITE_HAS_CODEC  conftest.c >&5
configure:6926: $? = 0
configure:6926: result: yes
configure:6926: checking for string.h
configure:6926: /home/dev/nitrogen6x/host/usr/bin/arm-linux-gnueabihf-gcc -c -DSQLITE_HAS_CODEC  conftest.c >&5
configure:6926: $? = 0
configure:6926: result: yes
configure:6926: checking for memory.h
configure:6926: /home/dev/nitrogen6x/host/usr/bin/arm-linux-gnueabihf-gcc -c -DSQLITE_HAS_CODEC  conftest.c >&5
configure:6926: $? = 0
configure:6926: result: yes
configure:6926: checking for strings.h
configure:6926: /home/dev/nitrogen6x/host/usr/bin/arm-linux-gnueabihf-gcc -c -DSQLITE_HAS_CODEC  conftest.c >&5
configure:6926: $? = 0
configure:6926: result: yes
configure:6926: checking for inttypes.h
configure:6926: /home/dev/nitrogen6x/host/usr/bin/arm-linux-gnueabihf-gcc -c -DSQLITE_HAS_CODEC  conftest.c >&5
configure:6926: $? = 0
configure:6926: result: yes
configure:6926: checking for stdint.h
configure:6926: /home/dev/nitrogen6x/host/usr/bin/arm-linux-gnueabihf-gcc -c -DSQLITE_HAS_CODEC  conftest.c >&5
configure:6926: $? = 0
configure:6926: result: yes
configure:6926: checking for unistd.h
configure:6926: /home/dev/nitrogen6x/host/usr/bin/arm-linux-gnueabihf-gcc -c -DSQLITE_HAS_CODEC  conftest.c >&5
configure:6926: $? = 0
configure:6926: result: yes
configure:6940: checking for dlfcn.h
configure:6940: /home/dev/nitrogen6x/host/usr/bin/arm-linux-gnueabihf-gcc -c -DSQLITE_HAS_CODEC  conftest.c >&5
configure:6940: $? = 0
configure:6940: result: yes
configure:7196: checking for objdir
configure:7211: result: .libs
configure:7471: checking if /home/dev/nitrogen6x/host/usr/bin/arm-linux-gnueabihf-gcc supports -fno-rtti -fno-exceptions
configure:7489: /home/dev/nitrogen6x/host/usr/bin/arm-linux-gnueabihf-gcc -c -DSQLITE_HAS_CODEC  -fno-rtti -fno-exceptions conftest.c >&5
cc1: warning: command line option '-fno-rtti' is valid for C++/ObjC++ but not for C
configure:7493: $? = 0
configure:7506: result: no
configure:7864: checking for /home/dev/nitrogen6x/host/usr/bin/arm-linux-gnueabihf-gcc option to produce PIC
configure:7871: result: -fPIC -DPIC
configure:7879: checking if /home/dev/nitrogen6x/host/usr/bin/arm-linux-gnueabihf-gcc PIC flag -fPIC -DPIC works
configure:7897: /home/dev/nitrogen6x/host/usr/bin/arm-linux-gnueabihf-gcc -c -DSQLITE_HAS_CODEC  -fPIC -DPIC -DPIC conftest.c >&5
configure:7901: $? = 0
configure:7914: result: yes
configure:7943: checking if /home/dev/nitrogen6x/host/usr/bin/arm-linux-gnueabihf-gcc static flag -static works
configure:7971: result: yes
configure:7986: checking if /home/dev/nitrogen6x/host/usr/bin/arm-linux-gnueabihf-gcc supports -c -o file.o
configure:8007: /home/dev/nitrogen6x/host/usr/bin/arm-linux-gnueabihf-gcc -c -DSQLITE_HAS_CODEC  -o out/conftest2.o conftest.c >&5
configure:8011: $? = 0
configure:8033: result: yes
configure:8041: checking if /home/dev/nitrogen6x/host/usr/bin/arm-linux-gnueabihf-gcc supports -c -o file.o
configure:8088: result: yes
configure:8121: checking whether the /home/dev/nitrogen6x/host/usr/bin/arm-linux-gnueabihf-gcc linker (/home/dev/nitrogen6x/host/opt/ext-toolchain/arm-linux-gnueabihf/bin/ld) supports shared libraries
configure:9380: result: yes
configure:9417: checking whether -lc should be explicitly linked in
configure:9425: /home/dev/nitrogen6x/host/usr/bin/arm-linux-gnueabihf-gcc -c -DSQLITE_HAS_CODEC  conftest.c >&5
configure:9428: $? = 0
configure:9443: /home/dev/nitrogen6x/host/usr/bin/arm-linux-gnueabihf-gcc -shared  -fPIC -DPIC conftest.o  -v -Wl,-soname -Wl,conftest -o conftest 2\>\&1 \| /bin/grep  -lc  \>/dev/null 2\>\&1
configure:9446: $? = 0
configure:9460: result: no
configure:9620: checking dynamic linker characteristics
configure:10438: result: no
configure:10560: checking how to hardcode library paths into programs
configure:10585: result: immediate
configure:11133: checking whether stripping libraries is possible
configure:11138: result: yes
configure:11173: checking if libtool supports shared libraries
configure:11175: result: no
configure:11178: checking whether to build shared libraries
configure:11203: result: no
configure:11206: checking whether to build static libraries
configure:11210: result: yes
configure:11261: checking for a BSD-compatible install
configure:11329: result: /usr/bin/install -c
configure:11351: checking for special C compiler options needed for large files
configure:11396: result: no
configure:11402: checking for _FILE_OFFSET_BITS value needed for large files
configure:11427: /home/dev/nitrogen6x/host/usr/bin/arm-linux-gnueabihf-gcc -c -DSQLITE_HAS_CODEC  conftest.c >&5
conftest.c:26:33: warning: left shift count >= width of type [-Wshift-count-overflow]
 #define LARGE_OFF_T (((off_t) 1 << 62) - 1 + ((off_t) 1 << 62))
                                 ^
conftest.c:27:23: note: in expansion of macro 'LARGE_OFF_T'
   int off_t_is_large[(LARGE_OFF_T % 2147483629 == 721
                       ^~~~~~~~~~~
conftest.c:26:57: warning: left shift count >= width of type [-Wshift-count-overflow]
 #define LARGE_OFF_T (((off_t) 1 << 62) - 1 + ((off_t) 1 << 62))
                                                         ^
conftest.c:27:23: note: in expansion of macro 'LARGE_OFF_T'
   int off_t_is_large[(LARGE_OFF_T % 2147483629 == 721
                       ^~~~~~~~~~~
conftest.c:26:33: warning: left shift count >= width of type [-Wshift-count-overflow]
 #define LARGE_OFF_T (((off_t) 1 << 62) - 1 + ((off_t) 1 << 62))
                                 ^
conftest.c:28:13: note: in expansion of macro 'LARGE_OFF_T'
          && LARGE_OFF_T % 2147483647 == 1)
             ^~~~~~~~~~~
conftest.c:26:57: warning: left shift count >= width of type [-Wshift-count-overflow]
 #define LARGE_OFF_T (((off_t) 1 << 62) - 1 + ((off_t) 1 << 62))
                                                         ^
conftest.c:28:13: note: in expansion of macro 'LARGE_OFF_T'
          && LARGE_OFF_T % 2147483647 == 1)
             ^~~~~~~~~~~
conftest.c:27:7: error: variably modified 'off_t_is_large' at file scope
   int off_t_is_large[(LARGE_OFF_T % 2147483629 == 721
       ^~~~~~~~~~~~~~
configure:11427: $? = 1
configure: failed program was:
| /* confdefs.h */
| #define PACKAGE_NAME "sqlcipher"
| #define PACKAGE_TARNAME "sqlcipher"
| #define PACKAGE_VERSION "3.31.0"
| #define PACKAGE_STRING "sqlcipher 3.31.0"
| #define PACKAGE_BUGREPORT ""
| #define PACKAGE_URL ""
| #define STDC_HEADERS 1
| #define HAVE_SYS_TYPES_H 1
| #define HAVE_SYS_STAT_H 1
| #define HAVE_STDLIB_H 1
| #define HAVE_STRING_H 1
| #define HAVE_MEMORY_H 1
| #define HAVE_STRINGS_H 1
| #define HAVE_INTTYPES_H 1
| #define HAVE_STDINT_H 1
| #define HAVE_UNISTD_H 1
| #define HAVE_DLFCN_H 1
| #define LT_OBJDIR ".libs/"
| /* end confdefs.h.  */
| #include <sys/types.h>
|  /* Check that off_t can represent 2**63 - 1 correctly.
|     We can't simply define LARGE_OFF_T to be 9223372036854775807,
|     since some C++ compilers masquerading as C compilers
|     incorrectly reject 9223372036854775807.  */
| #define LARGE_OFF_T (((off_t) 1 << 62) - 1 + ((off_t) 1 << 62))
|   int off_t_is_large[(LARGE_OFF_T % 2147483629 == 721
| 		       && LARGE_OFF_T % 2147483647 == 1)
| 		      ? 1 : -1];
| int
| main ()
| {
| 
|   ;
|   return 0;
| }
configure:11451: /home/dev/nitrogen6x/host/usr/bin/arm-linux-gnueabihf-gcc -c -DSQLITE_HAS_CODEC  conftest.c >&5
configure:11451: $? = 0
configure:11459: result: 64
configure:11547: checking for int8_t
configure:11547: /home/dev/nitrogen6x/host/usr/bin/arm-linux-gnueabihf-gcc -c -DSQLITE_HAS_CODEC  conftest.c >&5
configure:11547: $? = 0
configure:11547: /home/dev/nitrogen6x/host/usr/bin/arm-linux-gnueabihf-gcc -c -DSQLITE_HAS_CODEC  conftest.c >&5
conftest.c: In function 'main':
conftest.c:58:21: error: expected expression before ')' token
 if (sizeof ((int8_t)))
                     ^
configure:11547: $? = 1
configure: failed program was:
| /* confdefs.h */
| #define PACKAGE_NAME "sqlcipher"
| #define PACKAGE_TARNAME "sqlcipher"
| #define PACKAGE_VERSION "3.31.0"
| #define PACKAGE_STRING "sqlcipher 3.31.0"
| #define PACKAGE_BUGREPORT ""
| #define PACKAGE_URL ""
| #define STDC_HEADERS 1
| #define HAVE_SYS_TYPES_H 1
| #define HAVE_SYS_STAT_H 1
| #define HAVE_STDLIB_H 1
| #define HAVE_STRING_H 1
| #define HAVE_MEMORY_H 1
| #define HAVE_STRINGS_H 1
| #define HAVE_INTTYPES_H 1
| #define HAVE_STDINT_H 1
| #define HAVE_UNISTD_H 1
| #define HAVE_DLFCN_H 1
| #define LT_OBJDIR ".libs/"
| #define _FILE_OFFSET_BITS 64
| /* end confdefs.h.  */
| #include <stdio.h>
| #ifdef HAVE_SYS_TYPES_H
| # include <sys/types.h>
| #endif
| #ifdef HAVE_SYS_STAT_H
| # include <sys/stat.h>
| #endif
| #ifdef STDC_HEADERS
| # include <stdlib.h>
| # include <stddef.h>
| #else
| # ifdef HAVE_STDLIB_H
| #  include <stdlib.h>
| # endif
| #endif
| #ifdef HAVE_STRING_H
| # if !defined STDC_HEADERS && defined HAVE_MEMORY_H
| #  include <memory.h>
| # endif
| # include <string.h>
| #endif
| #ifdef HAVE_STRINGS_H
| # include <strings.h>
| #endif
| #ifdef HAVE_INTTYPES_H
| # include <inttypes.h>
| #endif
| #ifdef HAVE_STDINT_H
| # include <stdint.h>
| #endif
| #ifdef HAVE_UNISTD_H
| # include <unistd.h>
| #endif
| int
| main ()
| {
| if (sizeof ((int8_t)))
| 	    return 0;
|   ;
|   return 0;
| }
configure:11547: result: yes
configure:11556: checking for int16_t
configure:11556: /home/dev/nitrogen6x/host/usr/bin/arm-linux-gnueabihf-gcc -c -DSQLITE_HAS_CODEC  conftest.c >&5
configure:11556: $? = 0
configure:11556: /home/dev/nitrogen6x/host/usr/bin/arm-linux-gnueabihf-gcc -c -DSQLITE_HAS_CODEC  conftest.c >&5
conftest.c: In function 'main':
conftest.c:59:22: error: expected expression before ')' token
 if (sizeof ((int16_t)))
                      ^
configure:11556: $? = 1
configure: failed program was:
| /* confdefs.h */
| #define PACKAGE_NAME "sqlcipher"
| #define PACKAGE_TARNAME "sqlcipher"
| #define PACKAGE_VERSION "3.31.0"
| #define PACKAGE_STRING "sqlcipher 3.31.0"
| #define PACKAGE_BUGREPORT ""
| #define PACKAGE_URL ""
| #define STDC_HEADERS 1
| #define HAVE_SYS_TYPES_H 1
| #define HAVE_SYS_STAT_H 1
| #define HAVE_STDLIB_H 1
| #define HAVE_STRING_H 1
| #define HAVE_MEMORY_H 1
| #define HAVE_STRINGS_H 1
| #define HAVE_INTTYPES_H 1
| #define HAVE_STDINT_H 1
| #define HAVE_UNISTD_H 1
| #define HAVE_DLFCN_H 1
| #define LT_OBJDIR ".libs/"
| #define _FILE_OFFSET_BITS 64
| #define HAVE_INT8_T 1
| /* end confdefs.h.  */
| #include <stdio.h>
| #ifdef HAVE_SYS_TYPES_H
| # include <sys/types.h>
| #endif
| #ifdef HAVE_SYS_STAT_H
| # include <sys/stat.h>
| #endif
| #ifdef STDC_HEADERS
| # include <stdlib.h>
| # include <stddef.h>
| #else
| # ifdef HAVE_STDLIB_H
| #  include <stdlib.h>
| # endif
| #endif
| #ifdef HAVE_STRING_H
| # if !defined STDC_HEADERS && defined HAVE_MEMORY_H
| #  include <memory.h>
| # endif
| # include <string.h>
| #endif
| #ifdef HAVE_STRINGS_H
| # include <strings.h>
| #endif
| #ifdef HAVE_INTTYPES_H
| # include <inttypes.h>
| #endif
| #ifdef HAVE_STDINT_H
| # include <stdint.h>
| #endif
| #ifdef HAVE_UNISTD_H
| # include <unistd.h>
| #endif
| int
| main ()
| {
| if (sizeof ((int16_t)))
| 	    return 0;
|   ;
|   return 0;
| }
configure:11556: result: yes
configure:11565: checking for int32_t
configure:11565: /home/dev/nitrogen6x/host/usr/bin/arm-linux-gnueabihf-gcc -c -DSQLITE_HAS_CODEC  conftest.c >&5
configure:11565: $? = 0
configure:11565: /home/dev/nitrogen6x/host/usr/bin/arm-linux-gnueabihf-gcc -c -DSQLITE_HAS_CODEC  conftest.c >&5
conftest.c: In function 'main':
conftest.c:60:22: error: expected expression before ')' token
 if (sizeof ((int32_t)))
                      ^
configure:11565: $? = 1
configure: failed program was:
| /* confdefs.h */
| #define PACKAGE_NAME "sqlcipher"
| #define PACKAGE_TARNAME "sqlcipher"
| #define PACKAGE_VERSION "3.31.0"
| #define PACKAGE_STRING "sqlcipher 3.31.0"
| #define PACKAGE_BUGREPORT ""
| #define PACKAGE_URL ""
| #define STDC_HEADERS 1
| #define HAVE_SYS_TYPES_H 1
| #define HAVE_SYS_STAT_H 1
| #define HAVE_STDLIB_H 1
| #define HAVE_STRING_H 1
| #define HAVE_MEMORY_H 1
| #define HAVE_STRINGS_H 1
| #define HAVE_INTTYPES_H 1
| #define HAVE_STDINT_H 1
| #define HAVE_UNISTD_H 1
| #define HAVE_DLFCN_H 1
| #define LT_OBJDIR ".libs/"
| #define _FILE_OFFSET_BITS 64
| #define HAVE_INT8_T 1
| #define HAVE_INT16_T 1
| /* end confdefs.h.  */
| #include <stdio.h>
| #ifdef HAVE_SYS_TYPES_H
| # include <sys/types.h>
| #endif
| #ifdef HAVE_SYS_STAT_H
| # include <sys/stat.h>
| #endif
| #ifdef STDC_HEADERS
| # include <stdlib.h>
| # include <stddef.h>
| #else
| # ifdef HAVE_STDLIB_H
| #  include <stdlib.h>
| # endif
| #endif
| #ifdef HAVE_STRING_H
| # if !defined STDC_HEADERS && defined HAVE_MEMORY_H
| #  include <memory.h>
| # endif
| # include <string.h>
| #endif
| #ifdef HAVE_STRINGS_H
| # include <strings.h>
| #endif
| #ifdef HAVE_INTTYPES_H
| # include <inttypes.h>
| #endif
| #ifdef HAVE_STDINT_H
| # include <stdint.h>
| #endif
| #ifdef HAVE_UNISTD_H
| # include <unistd.h>
| #endif
| int
| main ()
| {
| if (sizeof ((int32_t)))
| 	    return 0;
|   ;
|   return 0;
| }
configure:11565: result: yes
configure:11574: checking for int64_t
configure:11574: /home/dev/nitrogen6x/host/usr/bin/arm-linux-gnueabihf-gcc -c -DSQLITE_HAS_CODEC  conftest.c >&5
configure:11574: $? = 0
configure:11574: /home/dev/nitrogen6x/host/usr/bin/arm-linux-gnueabihf-gcc -c -DSQLITE_HAS_CODEC  conftest.c >&5
conftest.c: In function 'main':
conftest.c:61:22: error: expected expression before ')' token
 if (sizeof ((int64_t)))
                      ^
configure:11574: $? = 1
configure: failed program was:
| /* confdefs.h */
| #define PACKAGE_NAME "sqlcipher"
| #define PACKAGE_TARNAME "sqlcipher"
| #define PACKAGE_VERSION "3.31.0"
| #define PACKAGE_STRING "sqlcipher 3.31.0"
| #define PACKAGE_BUGREPORT ""
| #define PACKAGE_URL ""
| #define STDC_HEADERS 1
| #define HAVE_SYS_TYPES_H 1
| #define HAVE_SYS_STAT_H 1
| #define HAVE_STDLIB_H 1
| #define HAVE_STRING_H 1
| #define HAVE_MEMORY_H 1
| #define HAVE_STRINGS_H 1
| #define HAVE_INTTYPES_H 1
| #define HAVE_STDINT_H 1
| #define HAVE_UNISTD_H 1
| #define HAVE_DLFCN_H 1
| #define LT_OBJDIR ".libs/"
| #define _FILE_OFFSET_BITS 64
| #define HAVE_INT8_T 1
| #define HAVE_INT16_T 1
| #define HAVE_INT32_T 1
| /* end confdefs.h.  */
| #include <stdio.h>
| #ifdef HAVE_SYS_TYPES_H
| # include <sys/types.h>
| #endif
| #ifdef HAVE_SYS_STAT_H
| # include <sys/stat.h>
| #endif
| #ifdef STDC_HEADERS
| # include <stdlib.h>
| # include <stddef.h>
| #else
| # ifdef HAVE_STDLIB_H
| #  include <stdlib.h>
| # endif
| #endif
| #ifdef HAVE_STRING_H
| # if !defined STDC_HEADERS && defined HAVE_MEMORY_H
| #  include <memory.h>
| # endif
| # include <string.h>
| #endif
| #ifdef HAVE_STRINGS_H
| # include <strings.h>
| #endif
| #ifdef HAVE_INTTYPES_H
| # include <inttypes.h>
| #endif
| #ifdef HAVE_STDINT_H
| # include <stdint.h>
| #endif
| #ifdef HAVE_UNISTD_H
| # include <unistd.h>
| #endif
| int
| main ()
| {
| if (sizeof ((int64_t)))
| 	    return 0;
|   ;
|   return 0;
| }
configure:11574: result: yes
configure:11583: checking for intptr_t
configure:11583: /home/dev/nitrogen6x/host/usr/bin/arm-linux-gnueabihf-gcc -c -DSQLITE_HAS_CODEC  conftest.c >&5
configure:11583: $? = 0
configure:11583: /home/dev/nitrogen6x/host/usr/bin/arm-linux-gnueabihf-gcc -c -DSQLITE_HAS_CODEC  conftest.c >&5
conftest.c: In function 'main':
conftest.c:62:23: error: expected expression before ')' token
 if (sizeof ((intptr_t)))
                       ^
configure:11583: $? = 1
configure: failed program was:
| /* confdefs.h */
| #define PACKAGE_NAME "sqlcipher"
| #define PACKAGE_TARNAME "sqlcipher"
| #define PACKAGE_VERSION "3.31.0"
| #define PACKAGE_STRING "sqlcipher 3.31.0"
| #define PACKAGE_BUGREPORT ""
| #define PACKAGE_URL ""
| #define STDC_HEADERS 1
| #define HAVE_SYS_TYPES_H 1
| #define HAVE_SYS_STAT_H 1
| #define HAVE_STDLIB_H 1
| #define HAVE_STRING_H 1
| #define HAVE_MEMORY_H 1
| #define HAVE_STRINGS_H 1
| #define HAVE_INTTYPES_H 1
| #define HAVE_STDINT_H 1
| #define HAVE_UNISTD_H 1
| #define HAVE_DLFCN_H 1
| #define LT_OBJDIR ".libs/"
| #define _FILE_OFFSET_BITS 64
| #define HAVE_INT8_T 1
| #define HAVE_INT16_T 1
| #define HAVE_INT32_T 1
| #define HAVE_INT64_T 1
| /* end confdefs.h.  */
| #include <stdio.h>
| #ifdef HAVE_SYS_TYPES_H
| # include <sys/types.h>
| #endif
| #ifdef HAVE_SYS_STAT_H
| # include <sys/stat.h>
| #endif
| #ifdef STDC_HEADERS
| # include <stdlib.h>
| # include <stddef.h>
| #else
| # ifdef HAVE_STDLIB_H
| #  include <stdlib.h>
| # endif
| #endif
| #ifdef HAVE_STRING_H
| # if !defined STDC_HEADERS && defined HAVE_MEMORY_H
| #  include <memory.h>
| # endif
| # include <string.h>
| #endif
| #ifdef HAVE_STRINGS_H
| # include <strings.h>
| #endif
| #ifdef HAVE_INTTYPES_H
| # include <inttypes.h>
| #endif
| #ifdef HAVE_STDINT_H
| # include <stdint.h>
| #endif
| #ifdef HAVE_UNISTD_H
| # include <unistd.h>
| #endif
| int
| main ()
| {
| if (sizeof ((intptr_t)))
| 	    return 0;
|   ;
|   return 0;
| }
configure:11583: result: yes
configure:11592: checking for uint8_t
configure:11592: /home/dev/nitrogen6x/host/usr/bin/arm-linux-gnueabihf-gcc -c -DSQLITE_HAS_CODEC  conftest.c >&5
configure:11592: $? = 0
configure:11592: /home/dev/nitrogen6x/host/usr/bin/arm-linux-gnueabihf-gcc -c -DSQLITE_HAS_CODEC  conftest.c >&5
conftest.c: In function 'main':
conftest.c:63:22: error: expected expression before ')' token
 if (sizeof ((uint8_t)))
                      ^
configure:11592: $? = 1
configure: failed program was:
| /* confdefs.h */
| #define PACKAGE_NAME "sqlcipher"
| #define PACKAGE_TARNAME "sqlcipher"
| #define PACKAGE_VERSION "3.31.0"
| #define PACKAGE_STRING "sqlcipher 3.31.0"
| #define PACKAGE_BUGREPORT ""
| #define PACKAGE_URL ""
| #define STDC_HEADERS 1
| #define HAVE_SYS_TYPES_H 1
| #define HAVE_SYS_STAT_H 1
| #define HAVE_STDLIB_H 1
| #define HAVE_STRING_H 1
| #define HAVE_MEMORY_H 1
| #define HAVE_STRINGS_H 1
| #define HAVE_INTTYPES_H 1
| #define HAVE_STDINT_H 1
| #define HAVE_UNISTD_H 1
| #define HAVE_DLFCN_H 1
| #define LT_OBJDIR ".libs/"
| #define _FILE_OFFSET_BITS 64
| #define HAVE_INT8_T 1
| #define HAVE_INT16_T 1
| #define HAVE_INT32_T 1
| #define HAVE_INT64_T 1
| #define HAVE_INTPTR_T 1
| /* end confdefs.h.  */
| #include <stdio.h>
| #ifdef HAVE_SYS_TYPES_H
| # include <sys/types.h>
| #endif
| #ifdef HAVE_SYS_STAT_H
| # include <sys/stat.h>
| #endif
| #ifdef STDC_HEADERS
| # include <stdlib.h>
| # include <stddef.h>
| #else
| # ifdef HAVE_STDLIB_H
| #  include <stdlib.h>
| # endif
| #endif
| #ifdef HAVE_STRING_H
| # if !defined STDC_HEADERS && defined HAVE_MEMORY_H
| #  include <memory.h>
| # endif
| # include <string.h>
| #endif
| #ifdef HAVE_STRINGS_H
| # include <strings.h>
| #endif
| #ifdef HAVE_INTTYPES_H
| # include <inttypes.h>
| #endif
| #ifdef HAVE_STDINT_H
| # include <stdint.h>
| #endif
| #ifdef HAVE_UNISTD_H
| # include <unistd.h>
| #endif
| int
| main ()
| {
| if (sizeof ((uint8_t)))
| 	    return 0;
|   ;
|   return 0;
| }
configure:11592: result: yes
configure:11601: checking for uint16_t
configure:11601: /home/dev/nitrogen6x/host/usr/bin/arm-linux-gnueabihf-gcc -c -DSQLITE_HAS_CODEC  conftest.c >&5
configure:11601: $? = 0
configure:11601: /home/dev/nitrogen6x/host/usr/bin/arm-linux-gnueabihf-gcc -c -DSQLITE_HAS_CODEC  conftest.c >&5
conftest.c: In function 'main':
conftest.c:64:23: error: expected expression before ')' token
 if (sizeof ((uint16_t)))
                       ^
configure:11601: $? = 1
configure: failed program was:
| /* confdefs.h */
| #define PACKAGE_NAME "sqlcipher"
| #define PACKAGE_TARNAME "sqlcipher"
| #define PACKAGE_VERSION "3.31.0"
| #define PACKAGE_STRING "sqlcipher 3.31.0"
| #define PACKAGE_BUGREPORT ""
| #define PACKAGE_URL ""
| #define STDC_HEADERS 1
| #define HAVE_SYS_TYPES_H 1
| #define HAVE_SYS_STAT_H 1
| #define HAVE_STDLIB_H 1
| #define HAVE_STRING_H 1
| #define HAVE_MEMORY_H 1
| #define HAVE_STRINGS_H 1
| #define HAVE_INTTYPES_H 1
| #define HAVE_STDINT_H 1
| #define HAVE_UNISTD_H 1
| #define HAVE_DLFCN_H 1
| #define LT_OBJDIR ".libs/"
| #define _FILE_OFFSET_BITS 64
| #define HAVE_INT8_T 1
| #define HAVE_INT16_T 1
| #define HAVE_INT32_T 1
| #define HAVE_INT64_T 1
| #define HAVE_INTPTR_T 1
| #define HAVE_UINT8_T 1
| /* end confdefs.h.  */
| #include <stdio.h>
| #ifdef HAVE_SYS_TYPES_H
| # include <sys/types.h>
| #endif
| #ifdef HAVE_SYS_STAT_H
| # include <sys/stat.h>
| #endif
| #ifdef STDC_HEADERS
| # include <stdlib.h>
| # include <stddef.h>
| #else
| # ifdef HAVE_STDLIB_H
| #  include <stdlib.h>
| # endif
| #endif
| #ifdef HAVE_STRING_H
| # if !defined STDC_HEADERS && defined HAVE_MEMORY_H
| #  include <memory.h>
| # endif
| # include <string.h>
| #endif
| #ifdef HAVE_STRINGS_H
| # include <strings.h>
| #endif
| #ifdef HAVE_INTTYPES_H
| # include <inttypes.h>
| #endif
| #ifdef HAVE_STDINT_H
| # include <stdint.h>
| #endif
| #ifdef HAVE_UNISTD_H
| # include <unistd.h>
| #endif
| int
| main ()
| {
| if (sizeof ((uint16_t)))
| 	    return 0;
|   ;
|   return 0;
| }
configure:11601: result: yes
configure:11610: checking for uint32_t
configure:11610: /home/dev/nitrogen6x/host/usr/bin/arm-linux-gnueabihf-gcc -c -DSQLITE_HAS_CODEC  conftest.c >&5
configure:11610: $? = 0
configure:11610: /home/dev/nitrogen6x/host/usr/bin/arm-linux-gnueabihf-gcc -c -DSQLITE_HAS_CODEC  conftest.c >&5
conftest.c: In function 'main':
conftest.c:65:23: error: expected expression before ')' token
 if (sizeof ((uint32_t)))
                       ^
configure:11610: $? = 1
configure: failed program was:
| /* confdefs.h */
| #define PACKAGE_NAME "sqlcipher"
| #define PACKAGE_TARNAME "sqlcipher"
| #define PACKAGE_VERSION "3.31.0"
| #define PACKAGE_STRING "sqlcipher 3.31.0"
| #define PACKAGE_BUGREPORT ""
| #define PACKAGE_URL ""
| #define STDC_HEADERS 1
| #define HAVE_SYS_TYPES_H 1
| #define HAVE_SYS_STAT_H 1
| #define HAVE_STDLIB_H 1
| #define HAVE_STRING_H 1
| #define HAVE_MEMORY_H 1
| #define HAVE_STRINGS_H 1
| #define HAVE_INTTYPES_H 1
| #define HAVE_STDINT_H 1
| #define HAVE_UNISTD_H 1
| #define HAVE_DLFCN_H 1
| #define LT_OBJDIR ".libs/"
| #define _FILE_OFFSET_BITS 64
| #define HAVE_INT8_T 1
| #define HAVE_INT16_T 1
| #define HAVE_INT32_T 1
| #define HAVE_INT64_T 1
| #define HAVE_INTPTR_T 1
| #define HAVE_UINT8_T 1
| #define HAVE_UINT16_T 1
| /* end confdefs.h.  */
| #include <stdio.h>
| #ifdef HAVE_SYS_TYPES_H
| # include <sys/types.h>
| #endif
| #ifdef HAVE_SYS_STAT_H
| # include <sys/stat.h>
| #endif
| #ifdef STDC_HEADERS
| # include <stdlib.h>
| # include <stddef.h>
| #else
| # ifdef HAVE_STDLIB_H
| #  include <stdlib.h>
| # endif
| #endif
| #ifdef HAVE_STRING_H
| # if !defined STDC_HEADERS && defined HAVE_MEMORY_H
| #  include <memory.h>
| # endif
| # include <string.h>
| #endif
| #ifdef HAVE_STRINGS_H
| # include <strings.h>
| #endif
| #ifdef HAVE_INTTYPES_H
| # include <inttypes.h>
| #endif
| #ifdef HAVE_STDINT_H
| # include <stdint.h>
| #endif
| #ifdef HAVE_UNISTD_H
| # include <unistd.h>
| #endif
| int
| main ()
| {
| if (sizeof ((uint32_t)))
| 	    return 0;
|   ;
|   return 0;
| }
configure:11610: result: yes
configure:11619: checking for uint64_t
configure:11619: /home/dev/nitrogen6x/host/usr/bin/arm-linux-gnueabihf-gcc -c -DSQLITE_HAS_CODEC  conftest.c >&5
configure:11619: $? = 0
configure:11619: /home/dev/nitrogen6x/host/usr/bin/arm-linux-gnueabihf-gcc -c -DSQLITE_HAS_CODEC  conftest.c >&5
conftest.c: In function 'main':
conftest.c:66:23: error: expected expression before ')' token
 if (sizeof ((uint64_t)))
                       ^
configure:11619: $? = 1
configure: failed program was:
| /* confdefs.h */
| #define PACKAGE_NAME "sqlcipher"
| #define PACKAGE_TARNAME "sqlcipher"
| #define PACKAGE_VERSION "3.31.0"
| #define PACKAGE_STRING "sqlcipher 3.31.0"
| #define PACKAGE_BUGREPORT ""
| #define PACKAGE_URL ""
| #define STDC_HEADERS 1
| #define HAVE_SYS_TYPES_H 1
| #define HAVE_SYS_STAT_H 1
| #define HAVE_STDLIB_H 1
| #define HAVE_STRING_H 1
| #define HAVE_MEMORY_H 1
| #define HAVE_STRINGS_H 1
| #define HAVE_INTTYPES_H 1
| #define HAVE_STDINT_H 1
| #define HAVE_UNISTD_H 1
| #define HAVE_DLFCN_H 1
| #define LT_OBJDIR ".libs/"
| #define _FILE_OFFSET_BITS 64
| #define HAVE_INT8_T 1
| #define HAVE_INT16_T 1
| #define HAVE_INT32_T 1
| #define HAVE_INT64_T 1
| #define HAVE_INTPTR_T 1
| #define HAVE_UINT8_T 1
| #define HAVE_UINT16_T 1
| #define HAVE_UINT32_T 1
| /* end confdefs.h.  */
| #include <stdio.h>
| #ifdef HAVE_SYS_TYPES_H
| # include <sys/types.h>
| #endif
| #ifdef HAVE_SYS_STAT_H
| # include <sys/stat.h>
| #endif
| #ifdef STDC_HEADERS
| # include <stdlib.h>
| # include <stddef.h>
| #else
| # ifdef HAVE_STDLIB_H
| #  include <stdlib.h>
| # endif
| #endif
| #ifdef HAVE_STRING_H
| # if !defined STDC_HEADERS && defined HAVE_MEMORY_H
| #  include <memory.h>
| # endif
| # include <string.h>
| #endif
| #ifdef HAVE_STRINGS_H
| # include <strings.h>
| #endif
| #ifdef HAVE_INTTYPES_H
| # include <inttypes.h>
| #endif
| #ifdef HAVE_STDINT_H
| # include <stdint.h>
| #endif
| #ifdef HAVE_UNISTD_H
| # include <unistd.h>
| #endif
| int
| main ()
| {
| if (sizeof ((uint64_t)))
| 	    return 0;
|   ;
|   return 0;
| }
configure:11619: result: yes
configure:11628: checking for uintptr_t
configure:11628: /home/dev/nitrogen6x/host/usr/bin/arm-linux-gnueabihf-gcc -c -DSQLITE_HAS_CODEC  conftest.c >&5
configure:11628: $? = 0
configure:11628: /home/dev/nitrogen6x/host/usr/bin/arm-linux-gnueabihf-gcc -c -DSQLITE_HAS_CODEC  conftest.c >&5
conftest.c: In function 'main':
conftest.c:67:24: error: expected expression before ')' token
 if (sizeof ((uintptr_t)))
                        ^
configure:11628: $? = 1
configure: failed program was:
| /* confdefs.h */
| #define PACKAGE_NAME "sqlcipher"
| #define PACKAGE_TARNAME "sqlcipher"
| #define PACKAGE_VERSION "3.31.0"
| #define PACKAGE_STRING "sqlcipher 3.31.0"
| #define PACKAGE_BUGREPORT ""
| #define PACKAGE_URL ""
| #define STDC_HEADERS 1
| #define HAVE_SYS_TYPES_H 1
| #define HAVE_SYS_STAT_H 1
| #define HAVE_STDLIB_H 1
| #define HAVE_STRING_H 1
| #define HAVE_MEMORY_H 1
| #define HAVE_STRINGS_H 1
| #define HAVE_INTTYPES_H 1
| #define HAVE_STDINT_H 1
| #define HAVE_UNISTD_H 1
| #define HAVE_DLFCN_H 1
| #define LT_OBJDIR ".libs/"
| #define _FILE_OFFSET_BITS 64
| #define HAVE_INT8_T 1
| #define HAVE_INT16_T 1
| #define HAVE_INT32_T 1
| #define HAVE_INT64_T 1
| #define HAVE_INTPTR_T 1
| #define HAVE_UINT8_T 1
| #define HAVE_UINT16_T 1
| #define HAVE_UINT32_T 1
| #define HAVE_UINT64_T 1
| /* end confdefs.h.  */
| #include <stdio.h>
| #ifdef HAVE_SYS_TYPES_H
| # include <sys/types.h>
| #endif
| #ifdef HAVE_SYS_STAT_H
| # include <sys/stat.h>
| #endif
| #ifdef STDC_HEADERS
| # include <stdlib.h>
| # include <stddef.h>
| #else
| # ifdef HAVE_STDLIB_H
| #  include <stdlib.h>
| # endif
| #endif
| #ifdef HAVE_STRING_H
| # if !defined STDC_HEADERS && defined HAVE_MEMORY_H
| #  include <memory.h>
| # endif
| # include <string.h>
| #endif
| #ifdef HAVE_STRINGS_H
| # include <strings.h>
| #endif
| #ifdef HAVE_INTTYPES_H
| # include <inttypes.h>
| #endif
| #ifdef HAVE_STDINT_H
| # include <stdint.h>
| #endif
| #ifdef HAVE_UNISTD_H
| # include <unistd.h>
| #endif
| int
| main ()
| {
| if (sizeof ((uintptr_t)))
| 	    return 0;
|   ;
|   return 0;
| }
configure:11628: result: yes
configure:11644: checking for sys/types.h
configure:11644: result: yes
configure:11644: checking for stdlib.h
configure:11644: result: yes
configure:11644: checking for stdint.h
configure:11644: result: yes
configure:11644: checking for inttypes.h
configure:11644: result: yes
configure:11644: checking malloc.h usability
configure:11644: /home/dev/nitrogen6x/host/usr/bin/arm-linux-gnueabihf-gcc -c -DSQLITE_HAS_CODEC  conftest.c >&5
configure:11644: $? = 0
configure:11644: result: yes
configure:11644: checking malloc.h presence
configure:11644: /home/dev/nitrogen6x/host/usr/bin/arm-linux-gnueabihf-gcc -E  conftest.c
configure:11644: $? = 0
configure:11644: result: yes
configure:11644: checking for malloc.h
configure:11644: result: yes
configure:11661: checking for fdatasync
configure:11661: /home/dev/nitrogen6x/host/usr/bin/arm-linux-gnueabihf-gcc -o conftest -DSQLITE_HAS_CODEC   conftest.c  >&5
configure:11661: $? = 0
configure:11661: result: yes
configure:11661: checking for gmtime_r
configure:11661: /home/dev/nitrogen6x/host/usr/bin/arm-linux-gnueabihf-gcc -o conftest -DSQLITE_HAS_CODEC   conftest.c  >&5
configure:11661: $? = 0
configure:11661: result: yes
configure:11661: checking for isnan
configure:11661: /home/dev/nitrogen6x/host/usr/bin/arm-linux-gnueabihf-gcc -o conftest -DSQLITE_HAS_CODEC   conftest.c  >&5
conftest.c:62:6: warning: conflicting types for built-in function 'isnan'
 char isnan ();
      ^~~~~
configure:11661: $? = 0
configure:11661: result: yes
configure:11661: checking for localtime_r
configure:11661: /home/dev/nitrogen6x/host/usr/bin/arm-linux-gnueabihf-gcc -o conftest -DSQLITE_HAS_CODEC   conftest.c  >&5
configure:11661: $? = 0
configure:11661: result: yes
configure:11661: checking for localtime_s
configure:11661: /home/dev/nitrogen6x/host/usr/bin/arm-linux-gnueabihf-gcc -o conftest -DSQLITE_HAS_CODEC   conftest.c  >&5
/tmp/ccCCyDdP.o: In function `main':
conftest.c:(.text+0x8): undefined reference to `localtime_s'
collect2: error: ld returned 1 exit status
configure:11661: $? = 1
configure: failed program was:
| /* confdefs.h */
| #define PACKAGE_NAME "sqlcipher"
| #define PACKAGE_TARNAME "sqlcipher"
| #define PACKAGE_VERSION "3.31.0"
| #define PACKAGE_STRING "sqlcipher 3.31.0"
| #define PACKAGE_BUGREPORT ""
| #define PACKAGE_URL ""
| #define STDC_HEADERS 1
| #define HAVE_SYS_TYPES_H 1
| #define HAVE_SYS_STAT_H 1
| #define HAVE_STDLIB_H 1
| #define HAVE_STRING_H 1
| #define HAVE_MEMORY_H 1
| #define HAVE_STRINGS_H 1
| #define HAVE_INTTYPES_H 1
| #define HAVE_STDINT_H 1
| #define HAVE_UNISTD_H 1
| #define HAVE_DLFCN_H 1
| #define LT_OBJDIR ".libs/"
| #define _FILE_OFFSET_BITS 64
| #define HAVE_INT8_T 1
| #define HAVE_INT16_T 1
| #define HAVE_INT32_T 1
| #define HAVE_INT64_T 1
| #define HAVE_INTPTR_T 1
| #define HAVE_UINT8_T 1
| #define HAVE_UINT16_T 1
| #define HAVE_UINT32_T 1
| #define HAVE_UINT64_T 1
| #define HAVE_UINTPTR_T 1
| #define HAVE_SYS_TYPES_H 1
| #define HAVE_STDLIB_H 1
| #define HAVE_STDINT_H 1
| #define HAVE_INTTYPES_H 1
| #define HAVE_MALLOC_H 1
| #define HAVE_FDATASYNC 1
| #define HAVE_GMTIME_R 1
| #define HAVE_ISNAN 1
| #define HAVE_LOCALTIME_R 1
| /* end confdefs.h.  */
| /* Define localtime_s to an innocuous variant, in case <limits.h> declares localtime_s.
|    For example, HP-UX 11i <limits.h> declares gettimeofday.  */
| #define localtime_s innocuous_localtime_s
| 
| /* System header to define __stub macros and hopefully few prototypes,
|     which can conflict with char localtime_s (); below.
|     Prefer <limits.h> to <assert.h> if __STDC__ is defined, since
|     <limits.h> exists even on freestanding compilers.  */
| 
| #ifdef __STDC__
| # include <limits.h>
| #else
| # include <assert.h>
| #endif
| 
| #undef localtime_s
| 
| /* Override any GCC internal prototype to avoid an error.
|    Use char because int might match the return type of a GCC
|    builtin and then its argument prototype would still apply.  */
| #ifdef __cplusplus
| extern "C"
| #endif
| char localtime_s ();
| /* The GNU C library defines this for functions which it implements
|     to always fail with ENOSYS.  Some functions are actually named
|     something starting with __ and the normal name is an alias.  */
| #if defined __stub_localtime_s || defined __stub___localtime_s
| choke me
| #endif
| 
| int
| main ()
| {
| return localtime_s ();
|   ;
|   return 0;
| }
configure:11661: result: no
configure:11661: checking for malloc_usable_size
configure:11661: /home/dev/nitrogen6x/host/usr/bin/arm-linux-gnueabihf-gcc -o conftest -DSQLITE_HAS_CODEC   conftest.c  >&5
configure:11661: $? = 0
configure:11661: result: yes
configure:11661: checking for strchrnul
configure:11661: /home/dev/nitrogen6x/host/usr/bin/arm-linux-gnueabihf-gcc -o conftest -DSQLITE_HAS_CODEC   conftest.c  >&5
configure:11661: $? = 0
configure:11661: result: yes
configure:11661: checking for usleep
configure:11661: /home/dev/nitrogen6x/host/usr/bin/arm-linux-gnueabihf-gcc -o conftest -DSQLITE_HAS_CODEC   conftest.c  >&5
configure:11661: $? = 0
configure:11661: result: yes
configure:11661: checking for utime
configure:11661: /home/dev/nitrogen6x/host/usr/bin/arm-linux-gnueabihf-gcc -o conftest -DSQLITE_HAS_CODEC   conftest.c  >&5
configure:11661: $? = 0
configure:11661: result: yes
configure:11661: checking for pread
configure:11661: /home/dev/nitrogen6x/host/usr/bin/arm-linux-gnueabihf-gcc -o conftest -DSQLITE_HAS_CODEC   conftest.c  >&5
configure:11661: $? = 0
configure:11661: result: yes
configure:11661: checking for pread64
configure:11661: /home/dev/nitrogen6x/host/usr/bin/arm-linux-gnueabihf-gcc -o conftest -DSQLITE_HAS_CODEC   conftest.c  >&5
configure:11661: $? = 0
configure:11661: result: yes
configure:11661: checking for pwrite
configure:11661: /home/dev/nitrogen6x/host/usr/bin/arm-linux-gnueabihf-gcc -o conftest -DSQLITE_HAS_CODEC   conftest.c  >&5
configure:11661: $? = 0
configure:11661: result: yes
configure:11661: checking for pwrite64
configure:11661: /home/dev/nitrogen6x/host/usr/bin/arm-linux-gnueabihf-gcc -o conftest -DSQLITE_HAS_CODEC   conftest.c  >&5
configure:11661: $? = 0
configure:11661: result: yes
configure:11685: checking for tclsh8.7
configure:11715: result: no
configure:11685: checking for tclsh8.6
configure:11701: found /usr/bin/tclsh8.6
configure:11712: result: tclsh8.6
configure:11752: Version set to 3.31
configure:11756: Release set to 3.31.0
configure:11762: Version number set to 3031000
configure:11779: checking for gcc
configure:11795: found /usr/bin/gcc
configure:11806: result: gcc
configure:11832: checking whether to support threadsafe operation
configure:11840: result: yes
configure:11846: checking for library containing pthread_create
configure:11877: /home/dev/nitrogen6x/host/usr/bin/arm-linux-gnueabihf-gcc -o conftest -DSQLITE_HAS_CODEC   conftest.c  >&5
/tmp/cc4Ea2Tt.o: In function `main':
conftest.c:(.text+0x8): undefined reference to `pthread_create'
collect2: error: ld returned 1 exit status
configure:11877: $? = 1
configure: failed program was:
| /* confdefs.h */
| #define PACKAGE_NAME "sqlcipher"
| #define PACKAGE_TARNAME "sqlcipher"
| #define PACKAGE_VERSION "3.31.0"
| #define PACKAGE_STRING "sqlcipher 3.31.0"
| #define PACKAGE_BUGREPORT ""
| #define PACKAGE_URL ""
| #define STDC_HEADERS 1
| #define HAVE_SYS_TYPES_H 1
| #define HAVE_SYS_STAT_H 1
| #define HAVE_STDLIB_H 1
| #define HAVE_STRING_H 1
| #define HAVE_MEMORY_H 1
| #define HAVE_STRINGS_H 1
| #define HAVE_INTTYPES_H 1
| #define HAVE_STDINT_H 1
| #define HAVE_UNISTD_H 1
| #define HAVE_DLFCN_H 1
| #define LT_OBJDIR ".libs/"
| #define _FILE_OFFSET_BITS 64
| #define HAVE_INT8_T 1
| #define HAVE_INT16_T 1
| #define HAVE_INT32_T 1
| #define HAVE_INT64_T 1
| #define HAVE_INTPTR_T 1
| #define HAVE_UINT8_T 1
| #define HAVE_UINT16_T 1
| #define HAVE_UINT32_T 1
| #define HAVE_UINT64_T 1
| #define HAVE_UINTPTR_T 1
| #define HAVE_SYS_TYPES_H 1
| #define HAVE_STDLIB_H 1
| #define HAVE_STDINT_H 1
| #define HAVE_INTTYPES_H 1
| #define HAVE_MALLOC_H 1
| #define HAVE_FDATASYNC 1
| #define HAVE_GMTIME_R 1
| #define HAVE_ISNAN 1
| #define HAVE_LOCALTIME_R 1
| #define HAVE_MALLOC_USABLE_SIZE 1
| #define HAVE_STRCHRNUL 1
| #define HAVE_USLEEP 1
| #define HAVE_UTIME 1
| #define HAVE_PREAD 1
| #define HAVE_PREAD64 1
| #define HAVE_PWRITE 1
| #define HAVE_PWRITE64 1
| /* end confdefs.h.  */
| 
| /* Override any GCC internal prototype to avoid an error.
|    Use char because int might match the return type of a GCC
|    builtin and then its argument prototype would still apply.  */
| #ifdef __cplusplus
| extern "C"
| #endif
| char pthread_create ();
| int
| main ()
| {
| return pthread_create ();
|   ;
|   return 0;
| }
configure:11877: /home/dev/nitrogen6x/host/usr/bin/arm-linux-gnueabihf-gcc -o conftest -DSQLITE_HAS_CODEC   conftest.c -lpthread   >&5
configure:11877: $? = 0
configure:11894: result: -lpthread
configure:11902: checking for library containing pthread_mutexattr_init
configure:11933: /home/dev/nitrogen6x/host/usr/bin/arm-linux-gnueabihf-gcc -o conftest -DSQLITE_HAS_CODEC   conftest.c -lpthread  >&5
configure:11933: $? = 0
configure:11950: result: none required
configure:11969: checking for crypto library to use
configure:12089: result: openssl
configure:12091: checking for HMAC_Init_ex in -lcrypto
configure:12116: /home/dev/nitrogen6x/host/usr/bin/arm-linux-gnueabihf-gcc -o conftest -DSQLITE_HAS_CODEC -DSQLCIPHER_CRYPTO_OPENSSL   conftest.c -lcrypto  -lpthread  >&5
configure:12116: $? = 0
configure:12125: result: yes
configure:12155: checking whether to allow connections to be shared across threads
configure:12159: result: no
configure:12178: checking whether to support shared library linked as release mode or not
configure:12182: result: no
configure:12201: checking whether to use an in-ram database for temporary tables
configure:12216: result: yes
configure:12238: checking if executables have the .exe suffix
configure:12245: result: unknown
configure:12303: checking for Tcl configuration
configure:12417: WARNING: Can't find Tcl configuration definitions
configure:12419: WARNING: *** Without Tcl the regression tests cannot be executed ***
configure:12421: WARNING: *** Consider using --with-tcl=... to define location of Tcl ***
configure:12515: checking for library containing readline
configure:12546: /home/dev/nitrogen6x/host/usr/bin/arm-linux-gnueabihf-gcc -o conftest -DSQLITE_HAS_CODEC -DSQLCIPHER_CRYPTO_OPENSSL -DSQLITE_OS_UNIX=1   conftest.c  >&5
/tmp/ccf9r94S.o: In function `main':
conftest.c:(.text+0x8): undefined reference to `readline'
collect2: error: ld returned 1 exit status
configure:12546: $? = 1
configure: failed program was:
| /* confdefs.h */
| #define PACKAGE_NAME "sqlcipher"
| #define PACKAGE_TARNAME "sqlcipher"
| #define PACKAGE_VERSION "3.31.0"
| #define PACKAGE_STRING "sqlcipher 3.31.0"
| #define PACKAGE_BUGREPORT ""
| #define PACKAGE_URL ""
| #define STDC_HEADERS 1
| #define HAVE_SYS_TYPES_H 1
| #define HAVE_SYS_STAT_H 1
| #define HAVE_STDLIB_H 1
| #define HAVE_STRING_H 1
| #define HAVE_MEMORY_H 1
| #define HAVE_STRINGS_H 1
| #define HAVE_INTTYPES_H 1
| #define HAVE_STDINT_H 1
| #define HAVE_UNISTD_H 1
| #define HAVE_DLFCN_H 1
| #define LT_OBJDIR ".libs/"
| #define _FILE_OFFSET_BITS 64
| #define HAVE_INT8_T 1
| #define HAVE_INT16_T 1
| #define HAVE_INT32_T 1
| #define HAVE_INT64_T 1
| #define HAVE_INTPTR_T 1
| #define HAVE_UINT8_T 1
| #define HAVE_UINT16_T 1
| #define HAVE_UINT32_T 1
| #define HAVE_UINT64_T 1
| #define HAVE_UINTPTR_T 1
| #define HAVE_SYS_TYPES_H 1
| #define HAVE_STDLIB_H 1
| #define HAVE_STDINT_H 1
| #define HAVE_INTTYPES_H 1
| #define HAVE_MALLOC_H 1
| #define HAVE_FDATASYNC 1
| #define HAVE_GMTIME_R 1
| #define HAVE_ISNAN 1
| #define HAVE_LOCALTIME_R 1
| #define HAVE_MALLOC_USABLE_SIZE 1
| #define HAVE_STRCHRNUL 1
| #define HAVE_USLEEP 1
| #define HAVE_UTIME 1
| #define HAVE_PREAD 1
| #define HAVE_PREAD64 1
| #define HAVE_PWRITE 1
| #define HAVE_PWRITE64 1
| #define HAVE_LIBCRYPTO 1
| /* end confdefs.h.  */
| 
| /* Override any GCC internal prototype to avoid an error.
|    Use char because int might match the return type of a GCC
|    builtin and then its argument prototype would still apply.  */
| #ifdef __cplusplus
| extern "C"
| #endif
| char readline ();
| int
| main ()
| {
| return readline ();
|   ;
|   return 0;
| }
configure:12546: /home/dev/nitrogen6x/host/usr/bin/arm-linux-gnueabihf-gcc -o conftest -DSQLITE_HAS_CODEC -DSQLCIPHER_CRYPTO_OPENSSL -DSQLITE_OS_UNIX=1   conftest.c -ledit   >&5
/home/dev/nitrogen6x/host/opt/ext-toolchain/bin/../lib/gcc/arm-linux-gnueabihf/6.4.1/../../../../arm-linux-gnueabihf/bin/ld: cannot find -ledit
collect2: error: ld returned 1 exit status
configure:12546: $? = 1
configure: failed program was:
| /* confdefs.h */
| #define PACKAGE_NAME "sqlcipher"
| #define PACKAGE_TARNAME "sqlcipher"
| #define PACKAGE_VERSION "3.31.0"
| #define PACKAGE_STRING "sqlcipher 3.31.0"
| #define PACKAGE_BUGREPORT ""
| #define PACKAGE_URL ""
| #define STDC_HEADERS 1
| #define HAVE_SYS_TYPES_H 1
| #define HAVE_SYS_STAT_H 1
| #define HAVE_STDLIB_H 1
| #define HAVE_STRING_H 1
| #define HAVE_MEMORY_H 1
| #define HAVE_STRINGS_H 1
| #define HAVE_INTTYPES_H 1
| #define HAVE_STDINT_H 1
| #define HAVE_UNISTD_H 1
| #define HAVE_DLFCN_H 1
| #define LT_OBJDIR ".libs/"
| #define _FILE_OFFSET_BITS 64
| #define HAVE_INT8_T 1
| #define HAVE_INT16_T 1
| #define HAVE_INT32_T 1
| #define HAVE_INT64_T 1
| #define HAVE_INTPTR_T 1
| #define HAVE_UINT8_T 1
| #define HAVE_UINT16_T 1
| #define HAVE_UINT32_T 1
| #define HAVE_UINT64_T 1
| #define HAVE_UINTPTR_T 1
| #define HAVE_SYS_TYPES_H 1
| #define HAVE_STDLIB_H 1
| #define HAVE_STDINT_H 1
| #define HAVE_INTTYPES_H 1
| #define HAVE_MALLOC_H 1
| #define HAVE_FDATASYNC 1
| #define HAVE_GMTIME_R 1
| #define HAVE_ISNAN 1
| #define HAVE_LOCALTIME_R 1
| #define HAVE_MALLOC_USABLE_SIZE 1
| #define HAVE_STRCHRNUL 1
| #define HAVE_USLEEP 1
| #define HAVE_UTIME 1
| #define HAVE_PREAD 1
| #define HAVE_PREAD64 1
| #define HAVE_PWRITE 1
| #define HAVE_PWRITE64 1
| #define HAVE_LIBCRYPTO 1
| /* end confdefs.h.  */
| 
| /* Override any GCC internal prototype to avoid an error.
|    Use char because int might match the return type of a GCC
|    builtin and then its argument prototype would still apply.  */
| #ifdef __cplusplus
| extern "C"
| #endif
| char readline ();
| int
| main ()
| {
| return readline ();
|   ;
|   return 0;
| }
configure:12563: result: no
configure:12590: checking for library containing tgetent
configure:12621: /home/dev/nitrogen6x/host/usr/bin/arm-linux-gnueabihf-gcc -o conftest -DSQLITE_HAS_CODEC -DSQLCIPHER_CRYPTO_OPENSSL -DSQLITE_OS_UNIX=1   conftest.c  >&5
/tmp/ccZyi8K3.o: In function `main':
conftest.c:(.text+0x8): undefined reference to `tgetent'
collect2: error: ld returned 1 exit status
configure:12621: $? = 1
configure: failed program was:
| /* confdefs.h */
| #define PACKAGE_NAME "sqlcipher"
| #define PACKAGE_TARNAME "sqlcipher"
| #define PACKAGE_VERSION "3.31.0"
| #define PACKAGE_STRING "sqlcipher 3.31.0"
| #define PACKAGE_BUGREPORT ""
| #define PACKAGE_URL ""
| #define STDC_HEADERS 1
| #define HAVE_SYS_TYPES_H 1
| #define HAVE_SYS_STAT_H 1
| #define HAVE_STDLIB_H 1
| #define HAVE_STRING_H 1
| #define HAVE_MEMORY_H 1
| #define HAVE_STRINGS_H 1
| #define HAVE_INTTYPES_H 1
| #define HAVE_STDINT_H 1
| #define HAVE_UNISTD_H 1
| #define HAVE_DLFCN_H 1
| #define LT_OBJDIR ".libs/"
| #define _FILE_OFFSET_BITS 64
| #define HAVE_INT8_T 1
| #define HAVE_INT16_T 1
| #define HAVE_INT32_T 1
| #define HAVE_INT64_T 1
| #define HAVE_INTPTR_T 1
| #define HAVE_UINT8_T 1
| #define HAVE_UINT16_T 1
| #define HAVE_UINT32_T 1
| #define HAVE_UINT64_T 1
| #define HAVE_UINTPTR_T 1
| #define HAVE_SYS_TYPES_H 1
| #define HAVE_STDLIB_H 1
| #define HAVE_STDINT_H 1
| #define HAVE_INTTYPES_H 1
| #define HAVE_MALLOC_H 1
| #define HAVE_FDATASYNC 1
| #define HAVE_GMTIME_R 1
| #define HAVE_ISNAN 1
| #define HAVE_LOCALTIME_R 1
| #define HAVE_MALLOC_USABLE_SIZE 1
| #define HAVE_STRCHRNUL 1
| #define HAVE_USLEEP 1
| #define HAVE_UTIME 1
| #define HAVE_PREAD 1
| #define HAVE_PREAD64 1
| #define HAVE_PWRITE 1
| #define HAVE_PWRITE64 1
| #define HAVE_LIBCRYPTO 1
| /* end confdefs.h.  */
| 
| /* Override any GCC internal prototype to avoid an error.
|    Use char because int might match the return type of a GCC
|    builtin and then its argument prototype would still apply.  */
| #ifdef __cplusplus
| extern "C"
| #endif
| char tgetent ();
| int
| main ()
| {
| return tgetent ();
|   ;
|   return 0;
| }
configure:12621: /home/dev/nitrogen6x/host/usr/bin/arm-linux-gnueabihf-gcc -o conftest -DSQLITE_HAS_CODEC -DSQLCIPHER_CRYPTO_OPENSSL -DSQLITE_OS_UNIX=1   conftest.c -lreadline   >&5
/home/dev/nitrogen6x/host/opt/ext-toolchain/bin/../lib/gcc/arm-linux-gnueabihf/6.4.1/../../../../arm-linux-gnueabihf/bin/ld: /tmp/cczRnGw9.o: undefined reference to symbol 'tgetent'
/home/dev/nitrogen6x/host/usr/arm-buildroot-linux-gnueabihf/sysroot/usr/lib/libncurses.so.5: error adding symbols: DSO missing from command line
collect2: error: ld returned 1 exit status
configure:12621: $? = 1
configure: failed program was:
| /* confdefs.h */
| #define PACKAGE_NAME "sqlcipher"
| #define PACKAGE_TARNAME "sqlcipher"
| #define PACKAGE_VERSION "3.31.0"
| #define PACKAGE_STRING "sqlcipher 3.31.0"
| #define PACKAGE_BUGREPORT ""
| #define PACKAGE_URL ""
| #define STDC_HEADERS 1
| #define HAVE_SYS_TYPES_H 1
| #define HAVE_SYS_STAT_H 1
| #define HAVE_STDLIB_H 1
| #define HAVE_STRING_H 1
| #define HAVE_MEMORY_H 1
| #define HAVE_STRINGS_H 1
| #define HAVE_INTTYPES_H 1
| #define HAVE_STDINT_H 1
| #define HAVE_UNISTD_H 1
| #define HAVE_DLFCN_H 1
| #define LT_OBJDIR ".libs/"
| #define _FILE_OFFSET_BITS 64
| #define HAVE_INT8_T 1
| #define HAVE_INT16_T 1
| #define HAVE_INT32_T 1
| #define HAVE_INT64_T 1
| #define HAVE_INTPTR_T 1
| #define HAVE_UINT8_T 1
| #define HAVE_UINT16_T 1
| #define HAVE_UINT32_T 1
| #define HAVE_UINT64_T 1
| #define HAVE_UINTPTR_T 1
| #define HAVE_SYS_TYPES_H 1
| #define HAVE_STDLIB_H 1
| #define HAVE_STDINT_H 1
| #define HAVE_INTTYPES_H 1
| #define HAVE_MALLOC_H 1
| #define HAVE_FDATASYNC 1
| #define HAVE_GMTIME_R 1
| #define HAVE_ISNAN 1
| #define HAVE_LOCALTIME_R 1
| #define HAVE_MALLOC_USABLE_SIZE 1
| #define HAVE_STRCHRNUL 1
| #define HAVE_USLEEP 1
| #define HAVE_UTIME 1
| #define HAVE_PREAD 1
| #define HAVE_PREAD64 1
| #define HAVE_PWRITE 1
| #define HAVE_PWRITE64 1
| #define HAVE_LIBCRYPTO 1
| /* end confdefs.h.  */
| 
| /* Override any GCC internal prototype to avoid an error.
|    Use char because int might match the return type of a GCC
|    builtin and then its argument prototype would still apply.  */
| #ifdef __cplusplus
| extern "C"
| #endif
| char tgetent ();
| int
| main ()
| {
| return tgetent ();
|   ;
|   return 0;
| }
configure:12621: /home/dev/nitrogen6x/host/usr/bin/arm-linux-gnueabihf-gcc -o conftest -DSQLITE_HAS_CODEC -DSQLCIPHER_CRYPTO_OPENSSL -DSQLITE_OS_UNIX=1   conftest.c -lncurses   >&5
configure:12621: $? = 0
configure:12638: result: -lncurses
configure:12648: checking for readline in -lreadline
configure:12673: /home/dev/nitrogen6x/host/usr/bin/arm-linux-gnueabihf-gcc -o conftest -DSQLITE_HAS_CODEC -DSQLCIPHER_CRYPTO_OPENSSL -DSQLITE_OS_UNIX=1   conftest.c -lreadline  -lncurses  >&5
configure:12673: $? = 0
configure:12682: result: yes
configure:12705: checking readline.h usability
configure:12705: /home/dev/nitrogen6x/host/usr/bin/arm-linux-gnueabihf-gcc -c -DSQLITE_HAS_CODEC -DSQLCIPHER_CRYPTO_OPENSSL -DSQLITE_OS_UNIX=1  conftest.c >&5
conftest.c:83:22: fatal error: readline.h: No such file or directory
 #include <readline.h>
                      ^
compilation terminated.
configure:12705: $? = 1
configure: failed program was:
| /* confdefs.h */
| #define PACKAGE_NAME "sqlcipher"
| #define PACKAGE_TARNAME "sqlcipher"
| #define PACKAGE_VERSION "3.31.0"
| #define PACKAGE_STRING "sqlcipher 3.31.0"
| #define PACKAGE_BUGREPORT ""
| #define PACKAGE_URL ""
| #define STDC_HEADERS 1
| #define HAVE_SYS_TYPES_H 1
| #define HAVE_SYS_STAT_H 1
| #define HAVE_STDLIB_H 1
| #define HAVE_STRING_H 1
| #define HAVE_MEMORY_H 1
| #define HAVE_STRINGS_H 1
| #define HAVE_INTTYPES_H 1
| #define HAVE_STDINT_H 1
| #define HAVE_UNISTD_H 1
| #define HAVE_DLFCN_H 1
| #define LT_OBJDIR ".libs/"
| #define _FILE_OFFSET_BITS 64
| #define HAVE_INT8_T 1
| #define HAVE_INT16_T 1
| #define HAVE_INT32_T 1
| #define HAVE_INT64_T 1
| #define HAVE_INTPTR_T 1
| #define HAVE_UINT8_T 1
| #define HAVE_UINT16_T 1
| #define HAVE_UINT32_T 1
| #define HAVE_UINT64_T 1
| #define HAVE_UINTPTR_T 1
| #define HAVE_SYS_TYPES_H 1
| #define HAVE_STDLIB_H 1
| #define HAVE_STDINT_H 1
| #define HAVE_INTTYPES_H 1
| #define HAVE_MALLOC_H 1
| #define HAVE_FDATASYNC 1
| #define HAVE_GMTIME_R 1
| #define HAVE_ISNAN 1
| #define HAVE_LOCALTIME_R 1
| #define HAVE_MALLOC_USABLE_SIZE 1
| #define HAVE_STRCHRNUL 1
| #define HAVE_USLEEP 1
| #define HAVE_UTIME 1
| #define HAVE_PREAD 1
| #define HAVE_PREAD64 1
| #define HAVE_PWRITE 1
| #define HAVE_PWRITE64 1
| #define HAVE_LIBCRYPTO 1
| /* end confdefs.h.  */
| #include <stdio.h>
| #ifdef HAVE_SYS_TYPES_H
| # include <sys/types.h>
| #endif
| #ifdef HAVE_SYS_STAT_H
| # include <sys/stat.h>
| #endif
| #ifdef STDC_HEADERS
| # include <stdlib.h>
| # include <stddef.h>
| #else
| # ifdef HAVE_STDLIB_H
| #  include <stdlib.h>
| # endif
| #endif
| #ifdef HAVE_STRING_H
| # if !defined STDC_HEADERS && defined HAVE_MEMORY_H
| #  include <memory.h>
| # endif
| # include <string.h>
| #endif
| #ifdef HAVE_STRINGS_H
| # include <strings.h>
| #endif
| #ifdef HAVE_INTTYPES_H
| # include <inttypes.h>
| #endif
| #ifdef HAVE_STDINT_H
| # include <stdint.h>
| #endif
| #ifdef HAVE_UNISTD_H
| # include <unistd.h>
| #endif
| #include <readline.h>
configure:12705: result: no
configure:12705: checking readline.h presence
configure:12705: /home/dev/nitrogen6x/host/usr/bin/arm-linux-gnueabihf-gcc -E  conftest.c
conftest.c:50:22: fatal error: readline.h: No such file or directory
 #include <readline.h>
                      ^
compilation terminated.
configure:12705: $? = 1
configure: failed program was:
| /* confdefs.h */
| #define PACKAGE_NAME "sqlcipher"
| #define PACKAGE_TARNAME "sqlcipher"
| #define PACKAGE_VERSION "3.31.0"
| #define PACKAGE_STRING "sqlcipher 3.31.0"
| #define PACKAGE_BUGREPORT ""
| #define PACKAGE_URL ""
| #define STDC_HEADERS 1
| #define HAVE_SYS_TYPES_H 1
| #define HAVE_SYS_STAT_H 1
| #define HAVE_STDLIB_H 1
| #define HAVE_STRING_H 1
| #define HAVE_MEMORY_H 1
| #define HAVE_STRINGS_H 1
| #define HAVE_INTTYPES_H 1
| #define HAVE_STDINT_H 1
| #define HAVE_UNISTD_H 1
| #define HAVE_DLFCN_H 1
| #define LT_OBJDIR ".libs/"
| #define _FILE_OFFSET_BITS 64
| #define HAVE_INT8_T 1
| #define HAVE_INT16_T 1
| #define HAVE_INT32_T 1
| #define HAVE_INT64_T 1
| #define HAVE_INTPTR_T 1
| #define HAVE_UINT8_T 1
| #define HAVE_UINT16_T 1
| #define HAVE_UINT32_T 1
| #define HAVE_UINT64_T 1
| #define HAVE_UINTPTR_T 1
| #define HAVE_SYS_TYPES_H 1
| #define HAVE_STDLIB_H 1
| #define HAVE_STDINT_H 1
| #define HAVE_INTTYPES_H 1
| #define HAVE_MALLOC_H 1
| #define HAVE_FDATASYNC 1
| #define HAVE_GMTIME_R 1
| #define HAVE_ISNAN 1
| #define HAVE_LOCALTIME_R 1
| #define HAVE_MALLOC_USABLE_SIZE 1
| #define HAVE_STRCHRNUL 1
| #define HAVE_USLEEP 1
| #define HAVE_UTIME 1
| #define HAVE_PREAD 1
| #define HAVE_PREAD64 1
| #define HAVE_PWRITE 1
| #define HAVE_PWRITE64 1
| #define HAVE_LIBCRYPTO 1
| /* end confdefs.h.  */
| #include <readline.h>
configure:12705: result: no
configure:12705: checking for readline.h
configure:12705: result: no
configure:12769: checking for library containing fdatasync
configure:12800: /home/dev/nitrogen6x/host/usr/bin/arm-linux-gnueabihf-gcc -o conftest -DSQLITE_HAS_CODEC -DSQLCIPHER_CRYPTO_OPENSSL -DSQLITE_OS_UNIX=1   conftest.c -lcrypto -lpthread  >&5
configure:12800: $? = 0
configure:12817: result: none required
configure:12856: checking zlib.h usability
configure:12856: /home/dev/nitrogen6x/host/usr/bin/arm-linux-gnueabihf-gcc -c -DSQLITE_HAS_CODEC -DSQLCIPHER_CRYPTO_OPENSSL -DSQLITE_OS_UNIX=1  conftest.c >&5
configure:12856: $? = 0
configure:12856: result: yes
configure:12856: checking zlib.h presence
configure:12856: /home/dev/nitrogen6x/host/usr/bin/arm-linux-gnueabihf-gcc -E  conftest.c
configure:12856: $? = 0
configure:12856: result: yes
configure:12856: checking for zlib.h
configure:12856: result: yes
configure:12866: checking for library containing deflate
configure:12897: /home/dev/nitrogen6x/host/usr/bin/arm-linux-gnueabihf-gcc -o conftest -DSQLITE_HAS_CODEC -DSQLCIPHER_CRYPTO_OPENSSL -DSQLITE_OS_UNIX=1   conftest.c -lcrypto -lpthread  >&5
/tmp/cc7jMi1s.o: In function `main':
conftest.c:(.text+0x8): undefined reference to `deflate'
collect2: error: ld returned 1 exit status
configure:12897: $? = 1
configure: failed program was:
| /* confdefs.h */
| #define PACKAGE_NAME "sqlcipher"
| #define PACKAGE_TARNAME "sqlcipher"
| #define PACKAGE_VERSION "3.31.0"
| #define PACKAGE_STRING "sqlcipher 3.31.0"
| #define PACKAGE_BUGREPORT ""
| #define PACKAGE_URL ""
| #define STDC_HEADERS 1
| #define HAVE_SYS_TYPES_H 1
| #define HAVE_SYS_STAT_H 1
| #define HAVE_STDLIB_H 1
| #define HAVE_STRING_H 1
| #define HAVE_MEMORY_H 1
| #define HAVE_STRINGS_H 1
| #define HAVE_INTTYPES_H 1
| #define HAVE_STDINT_H 1
| #define HAVE_UNISTD_H 1
| #define HAVE_DLFCN_H 1
| #define LT_OBJDIR ".libs/"
| #define _FILE_OFFSET_BITS 64
| #define HAVE_INT8_T 1
| #define HAVE_INT16_T 1
| #define HAVE_INT32_T 1
| #define HAVE_INT64_T 1
| #define HAVE_INTPTR_T 1
| #define HAVE_UINT8_T 1
| #define HAVE_UINT16_T 1
| #define HAVE_UINT32_T 1
| #define HAVE_UINT64_T 1
| #define HAVE_UINTPTR_T 1
| #define HAVE_SYS_TYPES_H 1
| #define HAVE_STDLIB_H 1
| #define HAVE_STDINT_H 1
| #define HAVE_INTTYPES_H 1
| #define HAVE_MALLOC_H 1
| #define HAVE_FDATASYNC 1
| #define HAVE_GMTIME_R 1
| #define HAVE_ISNAN 1
| #define HAVE_LOCALTIME_R 1
| #define HAVE_MALLOC_USABLE_SIZE 1
| #define HAVE_STRCHRNUL 1
| #define HAVE_USLEEP 1
| #define HAVE_UTIME 1
| #define HAVE_PREAD 1
| #define HAVE_PREAD64 1
| #define HAVE_PWRITE 1
| #define HAVE_PWRITE64 1
| #define HAVE_LIBCRYPTO 1
| #define HAVE_ZLIB_H 1
| /* end confdefs.h.  */
| 
| /* Override any GCC internal prototype to avoid an error.
|    Use char because int might match the return type of a GCC
|    builtin and then its argument prototype would still apply.  */
| #ifdef __cplusplus
| extern "C"
| #endif
| char deflate ();
| int
| main ()
| {
| return deflate ();
|   ;
|   return 0;
| }
configure:12897: /home/dev/nitrogen6x/host/usr/bin/arm-linux-gnueabihf-gcc -o conftest -DSQLITE_HAS_CODEC -DSQLCIPHER_CRYPTO_OPENSSL -DSQLITE_OS_UNIX=1   conftest.c -lz  -lcrypto -lpthread  >&5
configure:12897: $? = 0
configure:12914: result: -lz
configure:12937: checking for library containing dlopen
configure:12968: /home/dev/nitrogen6x/host/usr/bin/arm-linux-gnueabihf-gcc -o conftest -DSQLITE_HAS_CODEC -DSQLCIPHER_CRYPTO_OPENSSL -DSQLITE_OS_UNIX=1   conftest.c -lz -lcrypto -lpthread  >&5
/home/dev/nitrogen6x/host/opt/ext-toolchain/bin/../lib/gcc/arm-linux-gnueabihf/6.4.1/../../../../arm-linux-gnueabihf/bin/ld: /tmp/ccQRqjbD.o: undefined reference to symbol 'dlopen@@GLIBC_2.4'
/home/dev/nitrogen6x/host/usr/arm-buildroot-linux-gnueabihf/sysroot/lib/libdl.so.2: error adding symbols: DSO missing from command line
collect2: error: ld returned 1 exit status
configure:12968: $? = 1
configure: failed program was:
| /* confdefs.h */
| #define PACKAGE_NAME "sqlcipher"
| #define PACKAGE_TARNAME "sqlcipher"
| #define PACKAGE_VERSION "3.31.0"
| #define PACKAGE_STRING "sqlcipher 3.31.0"
| #define PACKAGE_BUGREPORT ""
| #define PACKAGE_URL ""
| #define STDC_HEADERS 1
| #define HAVE_SYS_TYPES_H 1
| #define HAVE_SYS_STAT_H 1
| #define HAVE_STDLIB_H 1
| #define HAVE_STRING_H 1
| #define HAVE_MEMORY_H 1
| #define HAVE_STRINGS_H 1
| #define HAVE_INTTYPES_H 1
| #define HAVE_STDINT_H 1
| #define HAVE_UNISTD_H 1
| #define HAVE_DLFCN_H 1
| #define LT_OBJDIR ".libs/"
| #define _FILE_OFFSET_BITS 64
| #define HAVE_INT8_T 1
| #define HAVE_INT16_T 1
| #define HAVE_INT32_T 1
| #define HAVE_INT64_T 1
| #define HAVE_INTPTR_T 1
| #define HAVE_UINT8_T 1
| #define HAVE_UINT16_T 1
| #define HAVE_UINT32_T 1
| #define HAVE_UINT64_T 1
| #define HAVE_UINTPTR_T 1
| #define HAVE_SYS_TYPES_H 1
| #define HAVE_STDLIB_H 1
| #define HAVE_STDINT_H 1
| #define HAVE_INTTYPES_H 1
| #define HAVE_MALLOC_H 1
| #define HAVE_FDATASYNC 1
| #define HAVE_GMTIME_R 1
| #define HAVE_ISNAN 1
| #define HAVE_LOCALTIME_R 1
| #define HAVE_MALLOC_USABLE_SIZE 1
| #define HAVE_STRCHRNUL 1
| #define HAVE_USLEEP 1
| #define HAVE_UTIME 1
| #define HAVE_PREAD 1
| #define HAVE_PREAD64 1
| #define HAVE_PWRITE 1
| #define HAVE_PWRITE64 1
| #define HAVE_LIBCRYPTO 1
| #define HAVE_ZLIB_H 1
| /* end confdefs.h.  */
| 
| /* Override any GCC internal prototype to avoid an error.
|    Use char because int might match the return type of a GCC
|    builtin and then its argument prototype would still apply.  */
| #ifdef __cplusplus
| extern "C"
| #endif
| char dlopen ();
| int
| main ()
| {
| return dlopen ();
|   ;
|   return 0;
| }
configure:12968: /home/dev/nitrogen6x/host/usr/bin/arm-linux-gnueabihf-gcc -o conftest -DSQLITE_HAS_CODEC -DSQLCIPHER_CRYPTO_OPENSSL -DSQLITE_OS_UNIX=1   conftest.c -ldl  -lz -lcrypto -lpthread  >&5
configure:12968: $? = 0
configure:12985: result: -ldl
configure:13005: checking whether to support MEMSYS5
configure:13012: result: no
configure:13020: checking whether to support MEMSYS3
configure:13027: result: no
configure:13430: creating ./config.status

## ---------------------- ##
## Running config.status. ##
## ---------------------- ##

This file was extended by sqlcipher config.status 3.31.0, which was
generated by GNU Autoconf 2.69.  Invocation command line was

  CONFIG_FILES    = 
  CONFIG_HEADERS  = 
  CONFIG_LINKS    = 
  CONFIG_COMMANDS = 
  $ ./config.status 

on a100build-VM

config.status:1109: creating Makefile
config.status:1109: creating sqlcipher.pc
config.status:1109: creating config.h
config.status:1269: config.h is unchanged
config.status:1283: executing libtool commands

## ---------------- ##
## Cache variables. ##
## ---------------- ##

ac_cv_build=x86_64-pc-linux-gnu
ac_cv_c_compiler_gnu=yes
ac_cv_env_CC_set=set
ac_cv_env_CC_value=/home/dev/nitrogen6x/host/usr/bin/arm-linux-gnueabihf-gcc
ac_cv_env_CFLAGS_set=set
ac_cv_env_CFLAGS_value=-DSQLITE_HAS_CODEC
ac_cv_env_CPPFLAGS_set=
ac_cv_env_CPPFLAGS_value=
ac_cv_env_CPP_set=
ac_cv_env_CPP_value=
ac_cv_env_LDFLAGS_set=
ac_cv_env_LDFLAGS_value=
ac_cv_env_LIBS_set=
ac_cv_env_LIBS_value=
ac_cv_env_LT_SYS_LIBRARY_PATH_set=
ac_cv_env_LT_SYS_LIBRARY_PATH_value=
ac_cv_env_TCLLIBDIR_set=
ac_cv_env_TCLLIBDIR_value=
ac_cv_env_build_alias_set=
ac_cv_env_build_alias_value=
ac_cv_env_host_alias_set=set
ac_cv_env_host_alias_value=arm
ac_cv_env_target_alias_set=
ac_cv_env_target_alias_value=
ac_cv_func_fdatasync=yes
ac_cv_func_gmtime_r=yes
ac_cv_func_isnan=yes
ac_cv_func_localtime_r=yes
ac_cv_func_localtime_s=no
ac_cv_func_malloc_usable_size=yes
ac_cv_func_pread64=yes
ac_cv_func_pread=yes
ac_cv_func_pwrite64=yes
ac_cv_func_pwrite=yes
ac_cv_func_strchrnul=yes
ac_cv_func_usleep=yes
ac_cv_func_utime=yes
ac_cv_header_dlfcn_h=yes
ac_cv_header_inttypes_h=yes
ac_cv_header_malloc_h=yes
ac_cv_header_memory_h=yes
ac_cv_header_readline_h=no
ac_cv_header_stdc=yes
ac_cv_header_stdint_h=yes
ac_cv_header_stdlib_h=yes
ac_cv_header_string_h=yes
ac_cv_header_strings_h=yes
ac_cv_header_sys_stat_h=yes
ac_cv_header_sys_types_h=yes
ac_cv_header_unistd_h=yes
ac_cv_header_zlib_h=yes
ac_cv_host=arm-unknown-none
ac_cv_lib_crypto_HMAC_Init_ex=yes
ac_cv_lib_readline_readline=yes
ac_cv_objext=o
ac_cv_path_EGREP='/bin/grep -E'
ac_cv_path_FGREP='/bin/grep -F'
ac_cv_path_GREP=/bin/grep
ac_cv_path_SED=/bin/sed
ac_cv_path_install='/usr/bin/install -c'
ac_cv_path_lt_DD=/bin/dd
ac_cv_prog_AWK=mawk
ac_cv_prog_BUILD_CC=gcc
ac_cv_prog_CC=/home/dev/nitrogen6x/host/usr/bin/arm-linux-gnueabihf-gcc
ac_cv_prog_CPP='/home/dev/nitrogen6x/host/usr/bin/arm-linux-gnueabihf-gcc -E'
ac_cv_prog_TCLSH_CMD=tclsh8.6
ac_cv_prog_ac_ct_AR=ar
ac_cv_prog_ac_ct_DUMPBIN='link -dump'
ac_cv_prog_ac_ct_MANIFEST_TOOL=mt
ac_cv_prog_ac_ct_OBJDUMP=objdump
ac_cv_prog_ac_ct_RANLIB=ranlib
ac_cv_prog_ac_ct_STRIP=strip
ac_cv_prog_cc_c89=
ac_cv_prog_cc_g=yes
ac_cv_search_deflate=-lz
ac_cv_search_dlopen=-ldl
ac_cv_search_fdatasync='none required'
ac_cv_search_pthread_create=-lpthread
ac_cv_search_pthread_mutexattr_init='none required'
ac_cv_search_readline=no
ac_cv_search_tgetent=-lncurses
ac_cv_sys_file_offset_bits=64
ac_cv_sys_largefile_CC=no
ac_cv_type_int16_t=yes
ac_cv_type_int32_t=yes
ac_cv_type_int64_t=yes
ac_cv_type_int8_t=yes
ac_cv_type_intptr_t=yes
ac_cv_type_uint16_t=yes
ac_cv_type_uint32_t=yes
ac_cv_type_uint64_t=yes
ac_cv_type_uint8_t=yes
ac_cv_type_uintptr_t=yes
lt_cv_ar_at_file=@
lt_cv_archive_cmds_need_lc=no
lt_cv_deplibs_check_method=unknown
lt_cv_file_magic_cmd='$MAGIC_CMD'
lt_cv_file_magic_test_file=
lt_cv_ld_reload_flag=-r
lt_cv_nm_interface='BSD nm'
lt_cv_objdir=.libs
lt_cv_path_LD=/home/dev/nitrogen6x/host/opt/ext-toolchain/arm-linux-gnueabihf/bin/ld
lt_cv_path_NM=no
lt_cv_path_mainfest_tool=no
lt_cv_prog_compiler_c_o=yes
lt_cv_prog_compiler_pic='-fPIC -DPIC'
lt_cv_prog_compiler_pic_works=yes
lt_cv_prog_compiler_rtti_exceptions=no
lt_cv_prog_compiler_static_works=yes
lt_cv_prog_gnu_ld=yes
lt_cv_sharedlib_from_linklib_cmd='printf %s\n'
lt_cv_sys_global_symbol_pipe='sed -n -e '\''s/^.*[	 ]\([ABCDGIRSTW][ABCDGIRSTW]*\)[	 ][	 ]*\([_A-Za-z][_A-Za-z0-9]*\)$/\1 \2 \2/p'\'' | sed '\''/ __gnu_lto/d'\'''
lt_cv_sys_global_symbol_to_c_name_address='sed -n -e '\''s/^: \(.*\) .*$/  {"\1", (void *) 0},/p'\'' -e '\''s/^[ABCDGIRSTW][ABCDGIRSTW]* .* \(.*\)$/  {"\1", (void *) \&\1},/p'\'''
lt_cv_sys_global_symbol_to_c_name_address_lib_prefix='sed -n -e '\''s/^: \(.*\) .*$/  {"\1", (void *) 0},/p'\'' -e '\''s/^[ABCDGIRSTW][ABCDGIRSTW]* .* \(lib.*\)$/  {"\1", (void *) \&\1},/p'\'' -e '\''s/^[ABCDGIRSTW][ABCDGIRSTW]* .* \(.*\)$/  {"lib\1", (void *) \&\1},/p'\'''
lt_cv_sys_global_symbol_to_cdecl='sed -n -e '\''s/^T .* \(.*\)$/extern int \1();/p'\'' -e '\''s/^[ABCDGIRSTW][ABCDGIRSTW]* .* \(.*\)$/extern char \1;/p'\'''
lt_cv_sys_global_symbol_to_import=
lt_cv_sys_max_cmd_len=1572864
lt_cv_to_host_file_cmd=func_convert_file_noop
lt_cv_to_tool_file_cmd=func_convert_file_noop
lt_cv_truncate_bin='/bin/dd bs=4096 count=1'

## ----------------- ##
## Output variables. ##
## ----------------- ##

ALLOWRELEASE=''
AR='ar'
AWK='mawk'
BUILD_CC='gcc'
BUILD_CFLAGS=' -g -DSQLCIPHER_CRYPTO_OPENSSL'
BUILD_EXEEXT=''
CC='/home/dev/nitrogen6x/host/usr/bin/arm-linux-gnueabihf-gcc'
CFLAGS=' -DSQLITE_HAS_CODEC -DSQLCIPHER_CRYPTO_OPENSSL -DSQLITE_OS_UNIX=1'
CPP='/home/dev/nitrogen6x/host/usr/bin/arm-linux-gnueabihf-gcc -E'
CPPFLAGS=''
DEFS='-DHAVE_CONFIG_H'
DLLTOOL='false'
DSYMUTIL=''
DUMPBIN=':'
ECHO_C=''
ECHO_N='-n'
ECHO_T=''
EGREP='/bin/grep -E'
EXEEXT=''
FGREP='/bin/grep -F'
GREP='/bin/grep'
HAVE_TCL=''
HAVE_ZLIB='-DSQLITE_HAVE_ZLIB=1'
INSTALL_DATA='${INSTALL} -m 644'
INSTALL_PROGRAM='${INSTALL}'
INSTALL_SCRIPT='${INSTALL}'
LD='/home/dev/nitrogen6x/host/opt/ext-toolchain/arm-linux-gnueabihf/bin/ld'
LDFLAGS=''
LIBOBJS=''
LIBS='-ldl -lz -lcrypto -lpthread '
LIBTOOL='$(SHELL) $(top_builddir)/libtool'
LIPO=''
LN_S='ln -s'
LTLIBOBJS=''
LT_SYS_LIBRARY_PATH=''
MANIFEST_TOOL=':'
NM='nm'
NMEDIT=''
OBJDUMP='objdump'
OBJEXT='o'
OPT_FEATURE_FLAGS=''
OTOOL64=''
OTOOL=''
PACKAGE_BUGREPORT=''
PACKAGE_NAME='sqlcipher'
PACKAGE_STRING='sqlcipher 3.31.0'
PACKAGE_TARNAME='sqlcipher'
PACKAGE_URL=''
PACKAGE_VERSION='3.31.0'
PATH_SEPARATOR=':'
RANLIB='ranlib'
RELEASE='3.31.0'
SED='/bin/sed'
SHELL='/bin/bash'
SQLITE_OS_UNIX='1'
SQLITE_OS_WIN='0'
SQLITE_THREADSAFE='1'
STRIP='strip'
TARGET_DEBUG='-DNDEBUG'
TARGET_EXEEXT=''
TARGET_HAVE_EDITLINE='0'
TARGET_HAVE_READLINE='0'
TARGET_READLINE_INC=''
TARGET_READLINE_LIBS=''
TCLLIBDIR='/usr/share/tcltk/tcl8.6/sqlite3'
TCLSH_CMD='tclsh8.6'
TCL_BIN_DIR=''
TCL_INCLUDE_SPEC=''
TCL_LIB_FILE=''
TCL_LIB_FLAG=''
TCL_LIB_SPEC=''
TCL_SHLIB_SUFFIX=''
TCL_SRC_DIR=''
TCL_STUB_LIB_FILE=''
TCL_STUB_LIB_FLAG=''
TCL_STUB_LIB_SPEC=''
TCL_VERSION=''
TEMP_STORE='2'
USE_AMALGAMATION='1'
USE_GCOV='0'
VERSION='3.31'
VERSION_NUMBER='3031000'
XTHREADCONNECT=''
ac_ct_AR='ar'
ac_ct_CC=''
ac_ct_DUMPBIN='link -dump'
bindir='${exec_prefix}/bin'
build='x86_64-pc-linux-gnu'
build_alias=''
build_cpu='x86_64'
build_os='linux-gnu'
build_vendor='pc'
datadir='${datarootdir}'
datarootdir='${prefix}/share'
docdir='${datarootdir}/doc/${PACKAGE_TARNAME}'
dvidir='${docdir}'
exec_prefix='${prefix}'
host='arm-unknown-none'
host_alias='arm'
host_cpu='arm'
host_os='none'
host_vendor='unknown'
htmldir='${docdir}'
includedir='${prefix}/include'
infodir='${datarootdir}/info'
libdir='${exec_prefix}/lib'
libexecdir='${exec_prefix}/libexec'
localedir='${datarootdir}/locale'
localstatedir='${prefix}/var'
mandir='${datarootdir}/man'
oldincludedir='/usr/include'
pdfdir='${docdir}'
prefix='/usr/local'
program_prefix=''
program_transform_name='s,x,x,'
psdir='${docdir}'
sbindir='${exec_prefix}/sbin'
sharedstatedir='${prefix}/com'
sysconfdir='${prefix}/etc'
target_alias=''

## ----------- ##
## confdefs.h. ##
## ----------- ##

/* confdefs.h */
#define PACKAGE_NAME "sqlcipher"
#define PACKAGE_TARNAME "sqlcipher"
#define PACKAGE_VERSION "3.31.0"
#define PACKAGE_STRING "sqlcipher 3.31.0"
#define PACKAGE_BUGREPORT ""
#define PACKAGE_URL ""
#define STDC_HEADERS 1
#define HAVE_SYS_TYPES_H 1
#define HAVE_SYS_STAT_H 1
#define HAVE_STDLIB_H 1
#define HAVE_STRING_H 1
#define HAVE_MEMORY_H 1
#define HAVE_STRINGS_H 1
#define HAVE_INTTYPES_H 1
#define HAVE_STDINT_H 1
#define HAVE_UNISTD_H 1
#define HAVE_DLFCN_H 1
#define LT_OBJDIR ".libs/"
#define _FILE_OFFSET_BITS 64
#define HAVE_INT8_T 1
#define HAVE_INT16_T 1
#define HAVE_INT32_T 1
#define HAVE_INT64_T 1
#define HAVE_INTPTR_T 1
#define HAVE_UINT8_T 1
#define HAVE_UINT16_T 1
#define HAVE_UINT32_T 1
#define HAVE_UINT64_T 1
#define HAVE_UINTPTR_T 1
#define HAVE_SYS_TYPES_H 1
#define HAVE_STDLIB_H 1
#define HAVE_STDINT_H 1
#define HAVE_INTTYPES_H 1
#define HAVE_MALLOC_H 1
#define HAVE_FDATASYNC 1
#define HAVE_GMTIME_R 1
#define HAVE_ISNAN 1
#define HAVE_LOCALTIME_R 1
#define HAVE_MALLOC_USABLE_SIZE 1
#define HAVE_STRCHRNUL 1
#define HAVE_USLEEP 1
#define HAVE_UTIME 1
#define HAVE_PREAD 1
#define HAVE_PREAD64 1
#define HAVE_PWRITE 1
#define HAVE_PWRITE64 1
#define HAVE_LIBCRYPTO 1
#define HAVE_ZLIB_H 1

configure: exit 0
